2021-02-14 14:19:07 DEBUG BikeServiceImpl:87 - We cannot delete a bike that is owned
2021-02-14 15:01:20 DEBUG BikeServiceImpl:57 - We can't change a bike that is already owned
2021-02-14 15:01:20 DEBUG BikeServiceImpl:67 - We can't give the bike an offer that doesn't exist
2021-02-14 15:01:20 DEBUG BikeServiceImpl:67 - We can't give the bike an offer that doesn't exist
2021-02-14 15:01:20 DEBUG BikeServiceImpl:57 - We can't change a bike that is already owned
2021-02-14 15:02:42 DEBUG BikeServiceImpl:57 - We can't change a bike that is already owned
2021-02-14 15:02:42 DEBUG BikeServiceImpl:67 - We can't give the bike an offer that doesn't exist
2021-02-14 15:02:42 DEBUG BikeServiceImpl:67 - We can't give the bike an offer that doesn't exist
2021-02-14 15:02:42 DEBUG BikeServiceImpl:67 - We can't give the bike an offer that doesn't exist
2021-02-14 15:03:41 DEBUG BikeServiceImpl:57 - We can't change a bike that is already owned
2021-02-14 15:03:41 DEBUG BikeServiceImpl:67 - We can't give the bike an offer that doesn't exist
2021-02-14 15:03:41 DEBUG BikeServiceImpl:67 - We can't give the bike an offer that doesn't exist
2021-02-14 15:03:45 DEBUG BikeServiceImpl:67 - We can't give the bike an offer that doesn't exist
2021-02-14 15:04:08 DEBUG BikeServiceImpl:57 - We can't change a bike that is already owned
2021-02-14 15:04:08 DEBUG BikeServiceImpl:67 - We can't give the bike an offer that doesn't exist
2021-02-14 15:04:08 DEBUG BikeServiceImpl:67 - We can't give the bike an offer that doesn't exist
2021-02-14 15:04:14 DEBUG BikeServiceImpl:67 - We can't give the bike an offer that doesn't exist
2021-02-14 15:04:58 DEBUG BikeServiceImpl:57 - We can't change a bike that is already owned
2021-02-14 15:04:58 DEBUG BikeServiceImpl:67 - We can't give the bike an offer that doesn't exist
2021-02-14 15:04:58 DEBUG BikeServiceImpl:67 - We can't give the bike an offer that doesn't exist
2021-02-14 15:05:01 DEBUG BikeServiceImpl:67 - We can't give the bike an offer that doesn't exist
2021-02-14 15:05:20 DEBUG BikeServiceImpl:57 - We can't change a bike that is already owned
2021-02-14 15:05:20 DEBUG BikeServiceImpl:67 - We can't give the bike an offer that doesn't exist
2021-02-14 15:05:20 DEBUG BikeServiceImpl:67 - We can't give the bike an offer that doesn't exist
2021-02-14 15:05:22 DEBUG BikeServiceImpl:67 - We can't give the bike an offer that doesn't exist
2021-02-14 15:06:14 DEBUG BikeServiceImpl:57 - We can't change a bike that is already owned
2021-02-14 15:06:28 DEBUG BikeServiceImpl:67 - We can't give the bike an offer that doesn't exist
2021-02-14 15:06:41 DEBUG BikeServiceImpl:67 - We can't give the bike an offer that doesn't exist
2021-02-14 15:08:53 DEBUG BikeServiceImpl:57 - We can't change a bike that is already owned
2021-02-14 15:08:58 DEBUG BikeServiceImpl:67 - We can't give the bike an offer that doesn't exist
2021-02-14 15:09:01 DEBUG BikeServiceImpl:67 - We can't give the bike an offer that doesn't exist
2021-02-14 15:09:42 DEBUG BikeServiceImpl:57 - We can't change a bike that is already owned
2021-02-14 15:09:43 DEBUG BikeServiceImpl:67 - We can't give the bike an offer that doesn't exist
2021-02-14 15:09:46 DEBUG BikeServiceImpl:67 - We can't give the bike an offer that doesn't exist
2021-02-14 15:13:45 DEBUG BikeServiceImpl:57 - We can't change a bike that is already owned
2021-02-14 15:13:46 DEBUG BikeServiceImpl:67 - We can't give the bike an offer that doesn't exist
2021-02-14 15:13:49 DEBUG BikeServiceImpl:67 - We can't give the bike an offer that doesn't exist
2021-02-14 15:19:02 DEBUG BikeServiceImpl:57 - We can't change a bike that is already owned
2021-02-14 15:19:03 DEBUG BikeServiceImpl:67 - We can't give the bike an offer that doesn't exist
2021-02-14 15:19:04 DEBUG BikeServiceImpl:67 - We can't give the bike an offer that doesn't exist
2021-02-14 15:22:07 DEBUG BikeServiceImpl:57 - We can't change a bike that is already owned
2021-02-14 15:22:07 DEBUG BikeServiceImpl:67 - We can't give the bike an offer that doesn't exist
2021-02-14 15:22:08 DEBUG BikeServiceImpl:67 - We can't give the bike an offer that doesn't exist
2021-02-14 15:50:09 DEBUG BikeServiceImpl:57 - We can't change a bike that is already owned
2021-02-14 15:50:09 DEBUG BikeServiceImpl:67 - We can't give the bike an offer that doesn't exist
2021-02-14 15:50:51 DEBUG BikeServiceImpl:57 - We can't change a bike that is already owned
2021-02-14 15:51:14 DEBUG BikeServiceImpl:57 - We can't change a bike that is already owned
2021-02-14 15:51:14 DEBUG BikeServiceImpl:67 - We can't give the bike an offer that doesn't exist
2021-02-14 15:51:59 DEBUG BikeServiceImpl:57 - We can't change a bike that is already owned
2021-02-14 15:52:14 DEBUG BikeServiceImpl:67 - We can't give the bike an offer that doesn't exist
2021-02-14 15:55:47 DEBUG BikeServiceImpl:57 - We can't change a bike that is already owned
2021-02-14 15:55:47 DEBUG BikeServiceImpl:67 - We can't give the bike an offer that doesn't exist
2021-02-14 15:56:17 DEBUG BikeServiceImpl:57 - We can't change a bike that is already owned
2021-02-14 15:56:18 DEBUG BikeServiceImpl:67 - We can't give the bike an offer that doesn't exist
2021-02-14 15:56:33 DEBUG BikeServiceImpl:57 - We can't change a bike that is already owned
2021-02-14 15:56:34 DEBUG BikeServiceImpl:67 - We can't give the bike an offer that doesn't exist
2021-02-14 15:58:24 DEBUG BikeServiceImpl:57 - We can't change a bike that is already owned
2021-02-14 15:58:25 DEBUG BikeServiceImpl:67 - We can't give the bike an offer that doesn't exist
2021-02-14 16:00:30 DEBUG BikeServiceImpl:57 - We can't change a bike that is already owned
2021-02-14 16:00:31 DEBUG BikeServiceImpl:67 - We can't give the bike an offer that doesn't exist
2021-02-14 16:02:14 DEBUG BikeServiceImpl:57 - We can't change a bike that is already owned
2021-02-14 16:02:15 DEBUG BikeServiceImpl:67 - We can't give the bike an offer that doesn't exist
2021-02-14 16:05:57 DEBUG BikeServiceImpl:57 - We can't change a bike that is already owned
2021-02-14 16:05:58 DEBUG BikeServiceImpl:67 - We can't give the bike an offer that doesn't exist
2021-02-14 16:07:49 DEBUG BikeServiceImpl:93 - We cannot give the bike an offer that exists on another bike
2021-02-14 16:09:25 DEBUG BikeServiceImpl:57 - We can't change a bike that is already owned
2021-02-14 16:09:26 DEBUG BikeServiceImpl:67 - We can't give the bike an offer that doesn't exist
2021-02-14 16:09:44 DEBUG BikeServiceImpl:93 - We cannot give the bike an offer that exists on another bike
2021-02-14 16:13:08 DEBUG BikeServiceImpl:57 - We can't change a bike that is already owned
2021-02-14 16:13:08 DEBUG BikeServiceImpl:67 - We can't give the bike an offer that doesn't exist
2021-02-14 16:13:08 DEBUG BikeServiceImpl:96 - We cannot give the bike an offer that exists on another bike
2021-02-14 16:14:08 DEBUG BikeServiceImpl:57 - We can't change a bike that is already owned
2021-02-14 16:14:08 DEBUG BikeServiceImpl:67 - We can't give the bike an offer that doesn't exist
2021-02-14 16:14:21 DEBUG BikeServiceImpl:96 - We cannot give the bike an offer that exists on another bike
2021-02-14 16:18:09 DEBUG BikeServiceImpl:57 - We can't change a bike that is already owned
2021-02-14 16:18:09 DEBUG BikeServiceImpl:67 - We can't give the bike an offer that doesn't exist
2021-02-14 16:18:29 DEBUG BikeServiceImpl:96 - We cannot give the bike an offer that exists on another bike
2021-02-14 16:18:46 DEBUG BikeServiceImpl:57 - We can't change a bike that is already owned
2021-02-14 16:18:46 DEBUG BikeServiceImpl:67 - We can't give the bike an offer that doesn't exist
2021-02-14 16:18:57 DEBUG BikeServiceImpl:96 - We cannot give the bike an offer that exists on another bike
2021-02-14 16:25:15 DEBUG BikeServiceImpl:57 - We can't change a bike that is already owned
2021-02-14 16:25:15 DEBUG BikeServiceImpl:67 - We can't give the bike an offer that doesn't exist
2021-02-14 16:25:44 DEBUG BikeServiceImpl:57 - We can't change a bike that is already owned
2021-02-14 16:25:52 DEBUG BikeServiceImpl:67 - We can't give the bike an offer that doesn't exist
2021-02-14 16:27:51 DEBUG BikeServiceImpl:57 - We can't change a bike that is already owned
2021-02-14 16:27:51 DEBUG BikeServiceImpl:67 - We can't give the bike an offer that doesn't exist
2021-02-14 16:28:17 DEBUG BikeServiceImpl:57 - We can't change a bike that is already owned
2021-02-14 16:28:17 DEBUG BikeServiceImpl:67 - We can't give the bike an offer that doesn't exist
2021-02-14 16:28:46 DEBUG BikeServiceImpl:57 - We can't change a bike that is already owned
2021-02-14 16:28:46 DEBUG BikeServiceImpl:67 - We can't give the bike an offer that doesn't exist
2021-02-14 16:28:58 DEBUG BikeServiceImpl:57 - We can't change a bike that is already owned
2021-02-14 16:28:58 DEBUG BikeServiceImpl:67 - We can't give the bike an offer that doesn't exist
2021-02-14 16:29:53 DEBUG BikeServiceImpl:57 - We can't change a bike that is already owned
2021-02-14 16:29:53 DEBUG BikeServiceImpl:67 - We can't give the bike an offer that doesn't exist
2021-02-14 16:30:13 DEBUG BikeServiceImpl:57 - We can't change a bike that is already owned
2021-02-14 16:30:13 DEBUG BikeServiceImpl:67 - We can't give the bike an offer that doesn't exist
2021-02-14 16:30:13 DEBUG BikeServiceImpl:114 - We cannot delete a bike that is owned
2021-02-14 16:31:44 DEBUG BikeServiceImpl:57 - We can't change a bike that is already owned
2021-02-14 16:31:44 DEBUG BikeServiceImpl:67 - We can't give the bike an offer that doesn't exist
2021-02-14 16:31:44 DEBUG BikeServiceImpl:114 - We cannot delete a bike that is owned
2021-02-14 16:32:26 DEBUG BikeServiceImpl:57 - We can't change a bike that is already owned
2021-02-14 16:32:26 DEBUG BikeServiceImpl:67 - We can't give the bike an offer that doesn't exist
2021-02-14 16:32:33 DEBUG BikeServiceImpl:114 - We cannot delete a bike that is owned
2021-02-14 16:33:17 DEBUG BikeServiceImpl:57 - We can't change a bike that is already owned
2021-02-14 16:33:17 DEBUG BikeServiceImpl:67 - We can't give the bike an offer that doesn't exist
2021-02-14 16:33:17 DEBUG BikeServiceImpl:114 - We cannot delete a bike that is owned
2021-02-14 16:34:45 DEBUG BikeServiceImpl:57 - We can't change a bike that is already owned
2021-02-14 16:34:45 DEBUG BikeServiceImpl:67 - We can't give the bike an offer that doesn't exist
2021-02-14 16:34:45 DEBUG BikeServiceImpl:114 - We cannot delete a bike that is owned
2021-02-14 16:37:18 DEBUG BikeServiceImpl:57 - We can't change a bike that is already owned
2021-02-14 16:37:18 DEBUG BikeServiceImpl:67 - We can't give the bike an offer that doesn't exist
2021-02-14 16:37:18 DEBUG BikeServiceImpl:114 - We cannot delete a bike that is owned
2021-02-14 16:41:02 DEBUG BikeServiceImpl:57 - We can't change a bike that is already owned
2021-02-14 16:41:02 DEBUG BikeServiceImpl:67 - We can't give the bike an offer that doesn't exist
2021-02-14 16:41:02 DEBUG BikeServiceImpl:114 - We cannot delete a bike that is owned
2021-02-14 16:41:40 DEBUG BikeServiceImpl:57 - We can't change a bike that is already owned
2021-02-14 16:41:40 DEBUG BikeServiceImpl:67 - We can't give the bike an offer that doesn't exist
2021-02-14 16:41:40 DEBUG BikeServiceImpl:114 - We cannot delete a bike that is owned
2021-02-14 16:42:44 DEBUG BikeServiceImpl:57 - We can't change a bike that is already owned
2021-02-14 16:42:44 DEBUG BikeServiceImpl:67 - We can't give the bike an offer that doesn't exist
2021-02-14 16:42:44 DEBUG BikeServiceImpl:114 - We cannot delete a bike that is owned
2021-02-14 16:52:25 DEBUG PaymentServiceImpl:146 - User doesn't exist in the database.
2021-02-14 16:52:25 DEBUG PaymentServiceImpl:146 - User doesn't exist in the database.
2021-02-14 16:52:25 DEBUG PaymentServiceImpl:146 - User doesn't exist in the database.
2021-02-14 17:21:21 DEBUG BikeServiceImpl:57 - We can't change a bike that is already owned
2021-02-14 17:21:21 DEBUG BikeServiceImpl:67 - We can't give the bike an offer that doesn't exist
2021-02-14 17:21:21 DEBUG BikeServiceImpl:114 - We cannot delete a bike that is owned
2021-02-14 20:06:24 DEBUG BikeServiceImpl:55 - We can't change a bike that is already owned
2021-02-14 20:07:24 DEBUG BikeServiceImpl:55 - We can't change a bike that is already owned
2021-02-14 20:08:03 DEBUG BikeServiceImpl:55 - We can't change a bike that is already owned
2021-02-14 20:08:38 DEBUG BikeServiceImpl:55 - We can't change a bike that is already owned
2021-02-14 20:10:52 DEBUG BikeServiceImpl:55 - We can't change a bike that is already owned
2021-02-14 20:11:46 DEBUG BikeServiceImpl:55 - We can't change a bike that is already owned
2021-02-14 20:12:31 DEBUG BikeServiceImpl:55 - We can't change a bike that is already owned
2021-02-14 20:13:19 DEBUG BikeServiceImpl:55 - We can't change a bike that is already owned
2021-02-14 20:14:39 DEBUG BikeServiceImpl:55 - We can't change a bike that is already owned
2021-02-14 20:20:38 DEBUG OfferServiceImpl:157 - Need to offer from user first
2021-02-14 20:48:43 DEBUG BikeServiceImpl:55 - We can't change a bike that is already owned
2021-02-14 21:28:21 INFO  BikeShopController:44 - User is logging in.
2021-02-14 21:28:27 DEBUG BikeShopController:109 - User logged in successfully.
2021-02-14 21:28:27 DEBUG BikeShopController:110 - User [userId=1, username=crystal, password=pass, role=Role [id=1, name=manager], bikes=[Bike [bikeId=1, model=Edge, brand=Nischi, color=grey, status=Status [id=2, name=Owned], offers=null], Bike [bikeId=2, model=BMX, brand=Mongoose, color=black, status=Status [id=2, name=Owned], offers=null]], payments=[Payment [paymentId=1, totalCost=240.1, amountPaid=120.0, bike=Bike [bikeId=2, model=BMX, brand=Mongoose, color=black, status=Status [id=2, name=Owned], offers=null]], Payment [paymentId=2, totalCost=305.75, amountPaid=200.0, bike=Bike [bikeId=1, model=Edge, brand=Nischi, color=grey, status=Status [id=2, name=Owned], offers=null]]], offers=[Offer [offerId=1, bid=120.11], Offer [offerId=4, bid=73.74]]]
2021-02-14 21:28:33 INFO  BikeShopController:48 - User is exiting the application.
2021-02-14 21:28:39 INFO  BikeShopController:40 - User is registering an account.
2021-02-14 21:28:48 DEBUG BikeShopController:75 - Submitting new user to the database...
2021-02-14 21:28:48 DEBUG BikeShopController:78 - User [userId=4, username=christi, password=pass, role=Role [id=4, name=User], bikes=null, payments=null, offers=null]
2021-02-14 21:28:52 INFO  BikeShopController:48 - User is exiting the application.
2021-02-14 21:28:58 INFO  BikeShopController:40 - User is registering an account.
2021-02-14 21:29:12 INFO  BikeShopController:48 - User is exiting the application.
2021-02-14 21:29:19 INFO  BikeShopController:40 - User is registering an account.
2021-02-14 21:29:23 DEBUG BikeShopController:75 - Submitting new user to the database...
2021-02-14 21:29:23 WARN  BikeShopController:83 - User tried to register with a non-unique username.
2021-02-14 21:29:28 DEBUG BikeShopController:75 - Submitting new user to the database...
2021-02-14 21:29:28 DEBUG BikeShopController:78 - User [userId=4, username=adsf, password=asdf, role=Role [id=4, name=User], bikes=null, payments=null, offers=null]
2021-02-14 21:29:29 INFO  BikeShopController:48 - User is exiting the application.
2021-02-14 22:58:42 INFO  BikeShopController:44 - User is logging in.
2021-02-14 22:58:46 DEBUG BikeShopController:109 - User logged in successfully.
2021-02-14 22:58:46 DEBUG BikeShopController:110 - User [userId=null, username=crystal, password=pass, role=null, bikes=null, payments=null, offers=null]
2021-02-14 22:58:54 INFO  BikeShopController:48 - User is exiting the application.
2021-02-14 23:49:54 INFO  BikeShopController:40 - User is registering an account.
2021-02-14 23:50:06 INFO  BikeShopController:44 - User is logging in.
2021-02-14 23:51:00 INFO  BikeShopController:44 - User is logging in.
2021-02-14 23:52:20 INFO  BikeShopController:40 - User is registering an account.
2021-02-14 23:52:28 INFO  BikeShopController:44 - User is logging in.
2021-02-14 23:53:27 INFO  BikeShopController:44 - User is logging in.
2021-02-14 23:53:48 INFO  BikeShopController:44 - User is logging in.
2021-02-14 23:55:34 INFO  BikeShopController:44 - User is logging in.
2021-02-14 23:58:15 INFO  BikeShopController:48 - User is exiting the application.
2021-02-14 23:58:45 INFO  BikeShopController:44 - User is logging in.
2021-02-14 23:59:43 DEBUG BikeShopController:109 - User logged in successfully.
2021-02-14 23:59:43 DEBUG BikeShopController:110 - User [userId=1, username=crystal, password=pass, role=null, bikes=null, payments=null, offers=null]
2021-02-14 23:59:47 INFO  BikeShopController:48 - User is exiting the application.
2021-02-15 00:00:41 INFO  BikeShopController:44 - User is logging in.
2021-02-15 00:01:57 INFO  BikeShopController:44 - User is logging in.
2021-02-15 00:02:01 DEBUG BikeShopController:109 - User logged in successfully.
2021-02-15 00:02:01 DEBUG BikeShopController:110 - User [userId=1, username=crystal, password=pass, role=null, bikes=null, payments=null, offers=null]
2021-02-15 00:04:23 INFO  BikeShopController:44 - User is logging in.
2021-02-15 00:04:26 DEBUG BikeShopController:109 - User logged in successfully.
2021-02-15 00:04:26 DEBUG BikeShopController:110 - User [userId=1, username=crystal, password=pass, role=Role [id=1, name=Manager], bikes=null, payments=null, offers=null]
2021-02-15 00:11:24 INFO  BikeShopController:44 - User is logging in.
2021-02-15 00:11:30 DEBUG BikeShopController:109 - User logged in successfully.
2021-02-15 00:11:30 DEBUG BikeShopController:110 - User [userId=1, username=crystal, password=pass, role=Role [id=1, name=Manager], bikes=null, payments=[Payment [paymentId=2, totalCost=305.75, amountPaid=200.0, bike=null], Payment [paymentId=1, totalCost=240.1, amountPaid=120.0, bike=null]], offers=null]
2021-02-15 00:25:51 INFO  BikeShopController:44 - User is logging in.
2021-02-15 00:25:54 DEBUG BikeShopController:109 - User logged in successfully.
2021-02-15 00:25:54 DEBUG BikeShopController:110 - User [userId=1, username=crystal, password=pass, role=Role [id=1, name=Manager], bikes=null, payments=null, offers=null]
2021-02-15 00:51:47 INFO  BikeShopController:53 - User is exiting the application.
2021-02-15 00:51:52 INFO  BikeShopController:49 - User is logging in.
2021-02-15 00:51:56 DEBUG BikeShopController:154 - User logged in successfully.
2021-02-15 00:51:56 DEBUG BikeShopController:155 - User [userId=2, username=tyler, password=pass, role=Role [id=2, name=Employee], bikes=null, payments=null, offers=null]
2021-02-15 10:49:55 INFO  BikeShopController:49 - User is logging in.
2021-02-15 10:50:08 DEBUG BikeShopController:156 - User logged in successfully.
2021-02-15 10:50:08 DEBUG BikeShopController:157 - User [userId=2, username=tyler, password=pass, role=Role [id=2, name=Employee], bikes=null, payments=null, offers=null]
2021-02-15 10:52:27 INFO  BikeShopController:49 - User is logging in.
2021-02-15 10:52:30 DEBUG BikeShopController:156 - User logged in successfully.
2021-02-15 10:52:30 DEBUG BikeShopController:157 - User [userId=2, username=tyler, password=pass, role=Role [id=2, name=Employee], bikes=null, payments=null, offers=null]
2021-02-15 10:53:55 INFO  BikeShopController:49 - User is logging in.
2021-02-15 10:53:59 DEBUG BikeShopController:156 - User logged in successfully.
2021-02-15 10:53:59 DEBUG BikeShopController:157 - User [userId=2, username=tyler, password=pass, role=Role [id=2, name=Employee], bikes=null, payments=null, offers=null]
2021-02-15 10:54:50 INFO  BikeShopController:49 - User is logging in.
2021-02-15 10:54:54 DEBUG BikeShopController:156 - User logged in successfully.
2021-02-15 10:54:54 DEBUG BikeShopController:157 - User [userId=2, username=tyler, password=pass, role=Role [id=2, name=Employee], bikes=null, payments=null, offers=null]
2021-02-15 10:54:55 DEBUG BikePostgres:225 - Bike [bikeId=4, model=BMX, brand=Nischi, color=purple, status=Status [id=1, name=Available], offers=[Offer [offerId=1, bid=120.11]]]
2021-02-15 10:54:55 DEBUG BikePostgres:225 - Bike [bikeId=4, model=BMX, brand=Nischi, color=purple, status=Status [id=1, name=Available], offers=[Offer [offerId=2, bid=105.4]]]
2021-02-15 10:54:55 DEBUG BikePostgres:225 - Bike [bikeId=5, model=Mountain, brand=Schwinn, color=black, status=Status [id=1, name=Available], offers=[Offer [offerId=3, bid=152.5]]]
2021-02-15 10:54:55 DEBUG BikePostgres:225 - Bike [bikeId=5, model=Mountain, brand=Schwinn, color=black, status=Status [id=1, name=Available], offers=[Offer [offerId=4, bid=73.74]]]
2021-02-15 11:14:37 INFO  BikeShopController:49 - User is logging in.
2021-02-15 11:14:39 DEBUG BikeShopController:156 - User logged in successfully.
2021-02-15 11:14:39 DEBUG BikeShopController:157 - User [userId=2, username=tyler, password=pass, role=Role [id=2, name=Employee], bikes=null, payments=null, offers=null]
2021-02-15 11:14:40 DEBUG BikePostgres:206 - Bike [bikeId=4, model=BMX, brand=Nischi, color=purple, status=Status [id=1, name=Available], offers=[Offer [offerId=1, bid=120.11]]]
2021-02-15 11:14:40 DEBUG BikePostgres:206 - Bike [bikeId=4, model=BMX, brand=Nischi, color=purple, status=Status [id=1, name=Available], offers=[Offer [offerId=2, bid=105.4]]]
2021-02-15 11:14:40 DEBUG BikePostgres:206 - Bike [bikeId=5, model=Mountain, brand=Schwinn, color=black, status=Status [id=1, name=Available], offers=[Offer [offerId=3, bid=152.5]]]
2021-02-15 11:14:40 DEBUG BikePostgres:206 - Bike [bikeId=5, model=Mountain, brand=Schwinn, color=black, status=Status [id=1, name=Available], offers=[Offer [offerId=4, bid=73.74]]]
2021-02-15 11:33:32 INFO  BikeShopController:51 - User is logging in.
2021-02-15 11:33:34 DEBUG BikeShopController:158 - User logged in successfully.
2021-02-15 11:33:34 DEBUG BikeShopController:159 - User [userId=2, username=tyler, password=pass, role=Role [id=2, name=Employee], bikes=null, payments=null, offers=null]
2021-02-15 11:33:35 DEBUG BikePostgres:206 - Bike [bikeId=4, model=BMX, brand=Nischi, color=purple, status=Status [id=1, name=Available], offers=[Offer [offerId=1, bid=120.11]]]
2021-02-15 11:33:35 DEBUG BikePostgres:206 - Bike [bikeId=4, model=BMX, brand=Nischi, color=purple, status=Status [id=1, name=Available], offers=[Offer [offerId=2, bid=105.4]]]
2021-02-15 11:33:35 DEBUG BikePostgres:206 - Bike [bikeId=5, model=Mountain, brand=Schwinn, color=black, status=Status [id=1, name=Available], offers=[Offer [offerId=3, bid=152.5]]]
2021-02-15 11:33:35 DEBUG BikePostgres:206 - Bike [bikeId=5, model=Mountain, brand=Schwinn, color=black, status=Status [id=1, name=Available], offers=[Offer [offerId=4, bid=73.74]]]
2021-02-15 13:04:06 INFO  BikeShopController:51 - User is logging in.
2021-02-15 13:04:10 DEBUG BikeShopController:158 - User logged in successfully.
2021-02-15 13:04:10 DEBUG BikeShopController:159 - User [userId=2, username=tyler, password=pass, role=Role [id=2, name=Employee], bikes=null, payments=null, offers=null]
2021-02-15 13:04:13 DEBUG BikePostgres:206 - Bike [bikeId=4, model=BMX, brand=Nischi, color=purple, status=Status [id=1, name=Available], offers=[Offer [offerId=1, bid=120.11]]]
2021-02-15 13:04:13 DEBUG BikePostgres:206 - Bike [bikeId=4, model=BMX, brand=Nischi, color=purple, status=Status [id=1, name=Available], offers=[Offer [offerId=2, bid=105.4]]]
2021-02-15 13:04:13 DEBUG BikePostgres:206 - Bike [bikeId=5, model=Mountain, brand=Schwinn, color=black, status=Status [id=1, name=Available], offers=[Offer [offerId=3, bid=152.5]]]
2021-02-15 13:06:10 INFO  BikeShopController:51 - User is logging in.
2021-02-15 13:06:12 DEBUG BikeShopController:158 - User logged in successfully.
2021-02-15 13:06:12 DEBUG BikeShopController:159 - User [userId=2, username=tyler, password=pass, role=Role [id=2, name=Employee], bikes=null, payments=null, offers=null]
2021-02-15 13:06:21 DEBUG BikePostgres:206 - Bike [bikeId=4, model=BMX, brand=Nischi, color=purple, status=Status [id=1, name=Available], offers=[Offer [offerId=1, bid=120.11]]]
2021-02-15 13:06:21 DEBUG BikePostgres:206 - Bike [bikeId=4, model=BMX, brand=Nischi, color=purple, status=Status [id=1, name=Available], offers=[Offer [offerId=2, bid=105.4]]]
2021-02-15 13:06:21 DEBUG BikePostgres:206 - Bike [bikeId=5, model=Mountain, brand=Schwinn, color=black, status=Status [id=1, name=Available], offers=[Offer [offerId=3, bid=152.5]]]
2021-02-15 13:26:33 INFO  BikeShopController:51 - User is logging in.
2021-02-15 13:26:36 DEBUG BikeShopController:158 - User logged in successfully.
2021-02-15 13:26:36 DEBUG BikeShopController:159 - User [userId=2, username=tyler, password=pass, role=Role [id=2, name=Employee], bikes=null, payments=null, offers=null]
2021-02-15 13:26:39 DEBUG BikePostgres:200 - Bike [bikeId=4, model=BMX, brand=Nischi, color=purple, status=Status [id=1, name=Available], offers=[Offer [offerId=1, bid=120.11]]]
2021-02-15 13:26:39 DEBUG BikePostgres:200 - Bike [bikeId=4, model=BMX, brand=Nischi, color=purple, status=Status [id=1, name=Available], offers=[Offer [offerId=2, bid=105.4]]]
2021-02-15 13:26:39 DEBUG BikePostgres:200 - Bike [bikeId=5, model=Mountain, brand=Schwinn, color=black, status=Status [id=1, name=Available], offers=[Offer [offerId=3, bid=152.5]]]
2021-02-15 13:30:56 DEBUG BikePostgres:200 - Bike [bikeId=4, model=BMX, brand=Nischi, color=purple, status=Status [id=1, name=Available], offers=[Offer [offerId=1, bid=120.11]]]
2021-02-15 13:30:56 DEBUG BikePostgres:200 - Bike [bikeId=4, model=BMX, brand=Nischi, color=purple, status=Status [id=1, name=Available], offers=[Offer [offerId=2, bid=105.4]]]
2021-02-15 13:30:56 DEBUG BikePostgres:200 - Bike [bikeId=5, model=Mountain, brand=Schwinn, color=black, status=Status [id=1, name=Available], offers=[Offer [offerId=3, bid=152.5]]]
2021-02-15 14:05:09 INFO  BikeShopController:51 - User is logging in.
2021-02-15 14:05:15 DEBUG BikeShopController:158 - User logged in successfully.
2021-02-15 14:05:15 DEBUG BikeShopController:159 - User [userId=2, username=tyler, password=pass, role=Role [id=2, name=Employee], bikes=null, payments=null, offers=null]
2021-02-15 14:05:19 DEBUG BikePostgres:200 - Bike [bikeId=4, model=BMX, brand=Nischi, color=purple, status=Status [id=1, name=Available], offers=[Offer [offerId=1, bid=120.11]]]
2021-02-15 14:05:19 DEBUG BikePostgres:200 - Bike [bikeId=4, model=BMX, brand=Nischi, color=purple, status=Status [id=1, name=Available], offers=[Offer [offerId=2, bid=105.4]]]
2021-02-15 14:05:19 DEBUG BikePostgres:200 - Bike [bikeId=5, model=Mountain, brand=Schwinn, color=black, status=Status [id=1, name=Available], offers=[Offer [offerId=3, bid=152.5]]]
2021-02-15 14:07:27 DEBUG BikePostgres:200 - Bike [bikeId=4, model=BMX, brand=Nischi, color=purple, status=Status [id=1, name=Available], offers=[Offer [offerId=1, bid=120.11]]]
2021-02-15 14:07:27 DEBUG BikePostgres:200 - Bike [bikeId=4, model=BMX, brand=Nischi, color=purple, status=Status [id=1, name=Available], offers=[Offer [offerId=2, bid=105.4]]]
2021-02-15 14:07:27 DEBUG BikePostgres:200 - Bike [bikeId=5, model=Mountain, brand=Schwinn, color=black, status=Status [id=1, name=Available], offers=[Offer [offerId=3, bid=152.5]]]
2021-02-15 14:07:27 DEBUG BikePostgres:200 - Bike [bikeId=4, model=BMX, brand=Nischi, color=purple, status=Status [id=1, name=Available], offers=[Offer [offerId=8, bid=150.75]]]
2021-02-15 14:54:52 INFO  BikeShopController:51 - User is logging in.
2021-02-15 14:54:57 DEBUG BikeShopController:158 - User logged in successfully.
2021-02-15 14:54:57 DEBUG BikeShopController:159 - User [userId=3, username=ashley, password=pass, role=Role [id=3, name=Customer], bikes=null, payments=null, offers=null]
2021-02-15 14:55:33 INFO  BikeShopController:89 - User logged out.
2021-02-16 06:19:25 INFO  BikeShopController:57 - User is exiting the application.
2021-02-16 06:19:33 INFO  BikeShopController:53 - User is logging in.
2021-02-16 06:19:36 DEBUG UserPostgres:70 - User [userId=3, username=ashley, password=pass, role=Role [id=3, name=Customer], bikes=null, payments=null, offers=null]
2021-02-16 06:19:36 DEBUG UserPostgres:110 - []
2021-02-16 06:19:36 DEBUG UserPostgres:119 - []
2021-02-16 06:19:36 DEBUG UserPostgres:144 - [Offer [offerId=3, bid=152.5], Offer [offerId=9, bid=200.48]]
2021-02-16 06:19:36 DEBUG BikeShopController:158 - User logged in successfully.
2021-02-16 06:19:36 DEBUG BikeShopController:159 - User [userId=3, username=ashley, password=pass, role=Role [id=3, name=Customer], bikes=[], payments=[], offers=[Offer [offerId=3, bid=152.5], Offer [offerId=9, bid=200.48]]]
2021-02-16 06:20:07 INFO  BikeShopController:89 - User logged out.
2021-02-16 06:20:19 INFO  BikeShopController:57 - User is exiting the application.
2021-02-16 06:20:26 INFO  BikeShopController:53 - User is logging in.
2021-02-16 06:20:28 DEBUG UserPostgres:70 - User [userId=2, username=tyler, password=pass, role=Role [id=2, name=Employee], bikes=null, payments=null, offers=null]
2021-02-16 06:20:28 DEBUG BikeShopController:158 - User logged in successfully.
2021-02-16 06:20:28 DEBUG BikeShopController:159 - User [userId=2, username=tyler, password=pass, role=Role [id=2, name=Employee], bikes=null, payments=null, offers=null]
2021-02-16 06:21:28 INFO  BikeShopController:53 - User is logging in.
2021-02-16 06:21:30 DEBUG UserPostgres:70 - User [userId=2, username=tyler, password=pass, role=Role [id=2, name=Employee], bikes=null, payments=null, offers=null]
2021-02-16 06:23:24 INFO  BikeShopController:53 - User is logging in.
2021-02-16 06:23:26 DEBUG UserPostgres:70 - User [userId=2, username=tyler, password=pass, role=Role [id=2, name=Employee], bikes=null, payments=null, offers=null]
2021-02-16 06:23:26 DEBUG UserPostgres:110 - [Payment [paymentId=3, totalCost=102.25, amountPaid=52.25, bike=null]]
2021-02-16 06:23:26 DEBUG UserPostgres:119 - [null]
2021-02-16 06:23:26 DEBUG UserPostgres:144 - [Offer [offerId=8, bid=150.75], Offer [offerId=2, bid=105.4]]
2021-02-16 06:23:26 DEBUG BikeShopController:158 - User logged in successfully.
2021-02-16 06:23:26 DEBUG BikeShopController:159 - User [userId=2, username=tyler, password=pass, role=Role [id=2, name=Employee], bikes=[null], payments=[Payment [paymentId=3, totalCost=102.25, amountPaid=52.25, bike=null]], offers=[Offer [offerId=8, bid=150.75], Offer [offerId=2, bid=105.4]]]
2021-02-16 06:24:32 INFO  BikeShopController:53 - User is logging in.
2021-02-16 06:24:35 DEBUG UserPostgres:70 - User [userId=2, username=tyler, password=pass, role=Role [id=2, name=Employee], bikes=null, payments=null, offers=null]
2021-02-16 06:25:07 INFO  BikeShopController:57 - User is exiting the application.
2021-02-16 06:25:13 INFO  BikeShopController:53 - User is logging in.
2021-02-16 06:25:16 DEBUG UserPostgres:70 - User [userId=2, username=tyler, password=pass, role=Role [id=2, name=Employee], bikes=null, payments=null, offers=null]
2021-02-16 06:25:16 DEBUG UserPostgres:111 - [Payment [paymentId=3, totalCost=102.25, amountPaid=52.25, bike=Bike [bikeId=3, model=Mountain, brand=Schwinn, color=white, status=Status [id=2, name=Owned], offers=null]]]
2021-02-16 06:25:16 DEBUG UserPostgres:120 - [Bike [bikeId=3, model=Mountain, brand=Schwinn, color=white, status=Status [id=2, name=Owned], offers=null]]
2021-02-16 06:25:16 DEBUG UserPostgres:145 - [Offer [offerId=8, bid=150.75], Offer [offerId=2, bid=105.4]]
2021-02-16 06:25:16 DEBUG BikeShopController:158 - User logged in successfully.
2021-02-16 06:25:16 DEBUG BikeShopController:159 - User [userId=2, username=tyler, password=pass, role=Role [id=2, name=Employee], bikes=[Bike [bikeId=3, model=Mountain, brand=Schwinn, color=white, status=Status [id=2, name=Owned], offers=null]], payments=[Payment [paymentId=3, totalCost=102.25, amountPaid=52.25, bike=Bike [bikeId=3, model=Mountain, brand=Schwinn, color=white, status=Status [id=2, name=Owned], offers=null]]], offers=[Offer [offerId=8, bid=150.75], Offer [offerId=2, bid=105.4]]]
2021-02-16 06:30:58 INFO  BikeShopController:53 - User is logging in.
2021-02-16 06:31:01 DEBUG UserPostgres:70 - User [userId=2, username=tyler, password=pass, role=Role [id=2, name=Employee], bikes=null, payments=null, offers=null]
2021-02-16 06:31:01 DEBUG UserPostgres:111 - [Payment [paymentId=3, totalCost=102.25, amountPaid=52.25, bike=Bike [bikeId=3, model=Mountain, brand=Schwinn, color=white, status=Status [id=2, name=Owned], offers=null]]]
2021-02-16 06:31:01 DEBUG UserPostgres:120 - [Bike [bikeId=3, model=Mountain, brand=Schwinn, color=white, status=Status [id=2, name=Owned], offers=null]]
2021-02-16 06:31:01 DEBUG UserPostgres:145 - [Offer [offerId=8, bid=150.75], Offer [offerId=2, bid=105.4], Offer [offerId=11, bid=12.0], Offer [offerId=10, bid=1.0]]
2021-02-16 06:31:01 DEBUG BikeShopController:158 - User logged in successfully.
2021-02-16 06:31:01 DEBUG BikeShopController:159 - User [userId=2, username=tyler, password=pass, role=Role [id=2, name=Employee], bikes=[Bike [bikeId=3, model=Mountain, brand=Schwinn, color=white, status=Status [id=2, name=Owned], offers=null]], payments=[Payment [paymentId=3, totalCost=102.25, amountPaid=52.25, bike=Bike [bikeId=3, model=Mountain, brand=Schwinn, color=white, status=Status [id=2, name=Owned], offers=null]]], offers=[Offer [offerId=8, bid=150.75], Offer [offerId=2, bid=105.4], Offer [offerId=11, bid=12.0], Offer [offerId=10, bid=1.0]]]
2021-02-16 06:33:03 INFO  BikeShopController:53 - User is logging in.
2021-02-16 06:33:05 DEBUG UserPostgres:70 - User [userId=2, username=tyler, password=pass, role=Role [id=2, name=Employee], bikes=null, payments=null, offers=null]
2021-02-16 06:33:05 DEBUG UserPostgres:111 - [Payment [paymentId=3, totalCost=102.25, amountPaid=52.25, bike=Bike [bikeId=3, model=Mountain, brand=Schwinn, color=white, status=Status [id=2, name=Owned], offers=null]]]
2021-02-16 06:33:05 DEBUG UserPostgres:120 - [Bike [bikeId=3, model=Mountain, brand=Schwinn, color=white, status=Status [id=2, name=Owned], offers=null]]
2021-02-16 06:33:05 DEBUG UserPostgres:145 - [Offer [offerId=8, bid=150.75], Offer [offerId=2, bid=105.4], Offer [offerId=11, bid=12.0], Offer [offerId=10, bid=1.0]]
2021-02-16 06:33:05 DEBUG BikeShopController:158 - User logged in successfully.
2021-02-16 06:33:05 DEBUG BikeShopController:159 - User [userId=2, username=tyler, password=pass, role=Role [id=2, name=Employee], bikes=[Bike [bikeId=3, model=Mountain, brand=Schwinn, color=white, status=Status [id=2, name=Owned], offers=null]], payments=[Payment [paymentId=3, totalCost=102.25, amountPaid=52.25, bike=Bike [bikeId=3, model=Mountain, brand=Schwinn, color=white, status=Status [id=2, name=Owned], offers=null]]], offers=[Offer [offerId=8, bid=150.75], Offer [offerId=2, bid=105.4], Offer [offerId=11, bid=12.0], Offer [offerId=10, bid=1.0]]]
2021-02-16 06:59:11 INFO  BikeShopController:53 - User is logging in.
2021-02-16 06:59:13 DEBUG UserPostgres:70 - User [userId=2, username=tyler, password=pass, role=Role [id=2, name=Employee], bikes=null, payments=null, offers=null]
2021-02-16 06:59:13 DEBUG UserPostgres:111 - [Payment [paymentId=3, totalCost=102.25, amountPaid=52.25, bike=Bike [bikeId=3, model=Mountain, brand=Schwinn, color=white, status=Status [id=2, name=Owned], offers=null]]]
2021-02-16 06:59:13 DEBUG UserPostgres:120 - [Bike [bikeId=3, model=Mountain, brand=Schwinn, color=white, status=Status [id=2, name=Owned], offers=null]]
2021-02-16 06:59:13 DEBUG UserPostgres:145 - [Offer [offerId=8, bid=150.75], Offer [offerId=2, bid=105.4], Offer [offerId=11, bid=12.0], Offer [offerId=10, bid=1.0]]
2021-02-16 06:59:13 DEBUG BikeShopController:158 - User logged in successfully.
2021-02-16 06:59:13 DEBUG BikeShopController:159 - User [userId=2, username=tyler, password=pass, role=Role [id=2, name=Employee], bikes=[Bike [bikeId=3, model=Mountain, brand=Schwinn, color=white, status=Status [id=2, name=Owned], offers=null]], payments=[Payment [paymentId=3, totalCost=102.25, amountPaid=52.25, bike=Bike [bikeId=3, model=Mountain, brand=Schwinn, color=white, status=Status [id=2, name=Owned], offers=null]]], offers=[Offer [offerId=8, bid=150.75], Offer [offerId=2, bid=105.4], Offer [offerId=11, bid=12.0], Offer [offerId=10, bid=1.0]]]
2021-02-16 07:00:05 INFO  BikeShopController:53 - User is logging in.
2021-02-16 07:00:08 DEBUG UserPostgres:70 - User [userId=2, username=tyler, password=pass, role=Role [id=2, name=Employee], bikes=null, payments=null, offers=null]
2021-02-16 07:00:08 DEBUG UserPostgres:111 - [Payment [paymentId=3, totalCost=102.25, amountPaid=52.25, bike=Bike [bikeId=3, model=Mountain, brand=Schwinn, color=white, status=Status [id=2, name=Owned], offers=null]]]
2021-02-16 07:00:08 DEBUG UserPostgres:120 - [Bike [bikeId=3, model=Mountain, brand=Schwinn, color=white, status=Status [id=2, name=Owned], offers=null]]
2021-02-16 07:00:08 DEBUG UserPostgres:145 - [Offer [offerId=8, bid=150.75], Offer [offerId=2, bid=105.4], Offer [offerId=11, bid=12.0], Offer [offerId=10, bid=1.0]]
2021-02-16 07:00:08 DEBUG BikeShopController:158 - User logged in successfully.
2021-02-16 07:00:08 DEBUG BikeShopController:159 - User [userId=2, username=tyler, password=pass, role=Role [id=2, name=Employee], bikes=[Bike [bikeId=3, model=Mountain, brand=Schwinn, color=white, status=Status [id=2, name=Owned], offers=null]], payments=[Payment [paymentId=3, totalCost=102.25, amountPaid=52.25, bike=Bike [bikeId=3, model=Mountain, brand=Schwinn, color=white, status=Status [id=2, name=Owned], offers=null]]], offers=[Offer [offerId=8, bid=150.75], Offer [offerId=2, bid=105.4], Offer [offerId=11, bid=12.0], Offer [offerId=10, bid=1.0]]]
2021-02-16 07:03:00 INFO  BikeShopController:53 - User is logging in.
2021-02-16 07:03:03 DEBUG UserPostgres:70 - User [userId=2, username=tyler, password=pass, role=Role [id=2, name=Employee], bikes=null, payments=null, offers=null]
2021-02-16 07:03:03 DEBUG UserPostgres:111 - [Payment [paymentId=3, totalCost=102.25, amountPaid=52.25, bike=Bike [bikeId=3, model=Mountain, brand=Schwinn, color=white, status=Status [id=2, name=Owned], offers=null]]]
2021-02-16 07:03:03 DEBUG UserPostgres:120 - [Bike [bikeId=3, model=Mountain, brand=Schwinn, color=white, status=Status [id=2, name=Owned], offers=null]]
2021-02-16 07:03:03 DEBUG UserPostgres:145 - [Offer [offerId=8, bid=150.75], Offer [offerId=2, bid=105.4], Offer [offerId=11, bid=12.0], Offer [offerId=10, bid=1.0]]
2021-02-16 07:03:03 DEBUG BikeShopController:158 - User logged in successfully.
2021-02-16 07:03:03 DEBUG BikeShopController:159 - User [userId=2, username=tyler, password=pass, role=Role [id=2, name=Employee], bikes=[Bike [bikeId=3, model=Mountain, brand=Schwinn, color=white, status=Status [id=2, name=Owned], offers=null]], payments=[Payment [paymentId=3, totalCost=102.25, amountPaid=52.25, bike=Bike [bikeId=3, model=Mountain, brand=Schwinn, color=white, status=Status [id=2, name=Owned], offers=null]]], offers=[Offer [offerId=8, bid=150.75], Offer [offerId=2, bid=105.4], Offer [offerId=11, bid=12.0], Offer [offerId=10, bid=1.0]]]
2021-02-16 10:35:10 INFO  BikeShopController:53 - User is logging in.
2021-02-16 10:35:13 DEBUG UserPostgres:70 - User [userId=2, username=tyler, password=pass, role=Role [id=2, name=Employee], bikes=null, payments=null, offers=null]
2021-02-16 10:35:13 DEBUG UserPostgres:111 - [Payment [paymentId=3, totalCost=102.25, amountPaid=52.25, bike=Bike [bikeId=3, model=Mountain, brand=Schwinn, color=white, status=Status [id=2, name=Owned], offers=null]]]
2021-02-16 10:35:13 DEBUG UserPostgres:120 - [Bike [bikeId=3, model=Mountain, brand=Schwinn, color=white, status=Status [id=2, name=Owned], offers=null]]
2021-02-16 10:35:13 DEBUG UserPostgres:145 - [Offer [offerId=8, bid=150.75], Offer [offerId=2, bid=105.4], Offer [offerId=11, bid=12.0], Offer [offerId=10, bid=1.0]]
2021-02-16 10:35:13 DEBUG BikeShopController:158 - User logged in successfully.
2021-02-16 10:35:13 DEBUG BikeShopController:159 - User [userId=2, username=tyler, password=pass, role=Role [id=2, name=Employee], bikes=[Bike [bikeId=3, model=Mountain, brand=Schwinn, color=white, status=Status [id=2, name=Owned], offers=null]], payments=[Payment [paymentId=3, totalCost=102.25, amountPaid=52.25, bike=Bike [bikeId=3, model=Mountain, brand=Schwinn, color=white, status=Status [id=2, name=Owned], offers=null]]], offers=[Offer [offerId=8, bid=150.75], Offer [offerId=2, bid=105.4], Offer [offerId=11, bid=12.0], Offer [offerId=10, bid=1.0]]]
2021-02-16 10:38:40 INFO  BikeShopController:53 - User is logging in.
2021-02-16 10:38:44 DEBUG UserPostgres:70 - User [userId=2, username=tyler, password=pass, role=Role [id=2, name=Employee], bikes=null, payments=null, offers=null]
2021-02-16 10:38:44 DEBUG UserPostgres:111 - [Payment [paymentId=3, totalCost=102.25, amountPaid=52.25, bike=Bike [bikeId=3, model=Mountain, brand=Schwinn, color=white, status=Status [id=2, name=Owned], offers=null]]]
2021-02-16 10:38:44 DEBUG UserPostgres:120 - [Bike [bikeId=3, model=Mountain, brand=Schwinn, color=white, status=Status [id=2, name=Owned], offers=null]]
2021-02-16 10:38:44 DEBUG UserPostgres:145 - [Offer [offerId=8, bid=150.75], Offer [offerId=2, bid=105.4], Offer [offerId=11, bid=12.0], Offer [offerId=10, bid=1.0]]
2021-02-16 10:38:44 DEBUG BikeShopController:158 - User logged in successfully.
2021-02-16 10:38:44 DEBUG BikeShopController:159 - User [userId=2, username=tyler, password=pass, role=Role [id=2, name=Employee], bikes=[Bike [bikeId=3, model=Mountain, brand=Schwinn, color=white, status=Status [id=2, name=Owned], offers=null]], payments=[Payment [paymentId=3, totalCost=102.25, amountPaid=52.25, bike=Bike [bikeId=3, model=Mountain, brand=Schwinn, color=white, status=Status [id=2, name=Owned], offers=null]]], offers=[Offer [offerId=8, bid=150.75], Offer [offerId=2, bid=105.4], Offer [offerId=11, bid=12.0], Offer [offerId=10, bid=1.0]]]
2021-02-16 10:40:31 INFO  BikeShopController:53 - User is logging in.
2021-02-16 10:40:33 DEBUG UserPostgres:70 - User [userId=2, username=tyler, password=pass, role=Role [id=2, name=Employee], bikes=null, payments=null, offers=null]
2021-02-16 10:40:33 DEBUG UserPostgres:111 - [Payment [paymentId=3, totalCost=102.25, amountPaid=52.25, bike=Bike [bikeId=3, model=Mountain, brand=Schwinn, color=white, status=Status [id=2, name=Owned], offers=null]]]
2021-02-16 10:40:33 DEBUG UserPostgres:120 - [Bike [bikeId=3, model=Mountain, brand=Schwinn, color=white, status=Status [id=2, name=Owned], offers=null]]
2021-02-16 10:40:33 DEBUG UserPostgres:145 - [Offer [offerId=8, bid=150.75], Offer [offerId=2, bid=105.4], Offer [offerId=11, bid=12.0], Offer [offerId=10, bid=1.0]]
2021-02-16 10:40:33 DEBUG BikeShopController:158 - User logged in successfully.
2021-02-16 10:40:33 DEBUG BikeShopController:159 - User [userId=2, username=tyler, password=pass, role=Role [id=2, name=Employee], bikes=[Bike [bikeId=3, model=Mountain, brand=Schwinn, color=white, status=Status [id=2, name=Owned], offers=null]], payments=[Payment [paymentId=3, totalCost=102.25, amountPaid=52.25, bike=Bike [bikeId=3, model=Mountain, brand=Schwinn, color=white, status=Status [id=2, name=Owned], offers=null]]], offers=[Offer [offerId=8, bid=150.75], Offer [offerId=2, bid=105.4], Offer [offerId=11, bid=12.0], Offer [offerId=10, bid=1.0]]]
2021-02-16 10:40:39 DEBUG PaymentPostgres:172 - update payments set paid = 62.25 where payments.id = 3 
2021-02-16 10:40:58 INFO  BikeShopController:89 - User logged out.
2021-02-16 11:07:12 INFO  BikeShopController:48 - User is logging in.
2021-02-16 11:07:16 DEBUG UserPostgres:70 - User [userId=3, username=ashley, password=pass, role=Role [id=3, name=Customer], bikes=null, payments=null, offers=null]
2021-02-16 11:07:16 DEBUG UserPostgres:111 - []
2021-02-16 11:07:16 DEBUG UserPostgres:120 - []
2021-02-16 11:07:16 DEBUG UserPostgres:145 - [Offer [offerId=3, bid=152.5], Offer [offerId=9, bid=200.48]]
2021-02-16 11:07:16 DEBUG BikeShopController:153 - User logged in successfully.
2021-02-16 11:07:16 DEBUG BikeShopController:154 - User [userId=3, username=ashley, password=pass, role=Role [id=3, name=Customer], bikes=[], payments=[], offers=[Offer [offerId=3, bid=152.5], Offer [offerId=9, bid=200.48]]]
2021-02-16 11:07:28 INFO  BikeShopController:84 - User logged out.
2021-02-16 19:53:34 INFO  BikeShopController:49 - User is logging in.
2021-02-16 19:53:37 DEBUG UserPostgres:70 - User [userId=2, username=tyler, password=pass, role=Role [id=2, name=Employee], bikes=null, payments=null, offers=null]
2021-02-16 19:53:37 DEBUG UserPostgres:111 - [Payment [paymentId=3, totalCost=102.25, amountPaid=52.25, bike=Bike [bikeId=3, model=Mountain, brand=Schwinn, color=white, status=Status [id=2, name=Owned], offers=null]]]
2021-02-16 19:53:37 DEBUG UserPostgres:120 - [Bike [bikeId=3, model=Mountain, brand=Schwinn, color=white, status=Status [id=2, name=Owned], offers=null]]
2021-02-16 19:53:37 DEBUG UserPostgres:145 - [Offer [offerId=8, bid=150.75], Offer [offerId=2, bid=105.4], Offer [offerId=11, bid=12.0], Offer [offerId=10, bid=1.0]]
2021-02-16 19:53:37 DEBUG BikeShopController:156 - User logged in successfully.
2021-02-16 19:53:37 DEBUG BikeShopController:157 - User [userId=2, username=tyler, password=pass, role=Role [id=2, name=Employee], bikes=[Bike [bikeId=3, model=Mountain, brand=Schwinn, color=white, status=Status [id=2, name=Owned], offers=null]], payments=[Payment [paymentId=3, totalCost=102.25, amountPaid=52.25, bike=Bike [bikeId=3, model=Mountain, brand=Schwinn, color=white, status=Status [id=2, name=Owned], offers=null]]], offers=[Offer [offerId=8, bid=150.75], Offer [offerId=2, bid=105.4], Offer [offerId=11, bid=12.0], Offer [offerId=10, bid=1.0]]]
2021-02-16 19:54:15 DEBUG BikeServiceImpl:59 - We can't change a bike that is already owned
2021-02-16 19:54:15 INFO  BikeShopController:87 - User logged out.
2021-02-16 19:58:32 INFO  BikeShopController:49 - User is logging in.
2021-02-16 19:58:35 DEBUG UserPostgres:70 - User [userId=2, username=tyler, password=pass, role=Role [id=2, name=Employee], bikes=null, payments=null, offers=null]
2021-02-16 19:58:35 DEBUG UserPostgres:111 - [Payment [paymentId=3, totalCost=102.25, amountPaid=52.25, bike=Bike [bikeId=3, model=Mountain, brand=Schwinn, color=white, status=Status [id=2, name=Owned], offers=null]]]
2021-02-16 19:58:35 DEBUG UserPostgres:120 - [Bike [bikeId=3, model=Mountain, brand=Schwinn, color=white, status=Status [id=2, name=Owned], offers=null]]
2021-02-16 19:58:35 DEBUG UserPostgres:145 - [Offer [offerId=8, bid=150.75], Offer [offerId=2, bid=105.4], Offer [offerId=11, bid=12.0], Offer [offerId=10, bid=1.0]]
2021-02-16 19:58:35 DEBUG BikeShopController:158 - User logged in successfully.
2021-02-16 19:58:35 DEBUG BikeShopController:159 - User [userId=2, username=tyler, password=pass, role=Role [id=2, name=Employee], bikes=[Bike [bikeId=3, model=Mountain, brand=Schwinn, color=white, status=Status [id=2, name=Owned], offers=null]], payments=[Payment [paymentId=3, totalCost=102.25, amountPaid=52.25, bike=Bike [bikeId=3, model=Mountain, brand=Schwinn, color=white, status=Status [id=2, name=Owned], offers=null]]], offers=[Offer [offerId=8, bid=150.75], Offer [offerId=2, bid=105.4], Offer [offerId=11, bid=12.0], Offer [offerId=10, bid=1.0]]]
2021-02-16 20:00:12 INFO  BikeShopController:49 - User is logging in.
2021-02-16 20:00:15 DEBUG UserPostgres:70 - User [userId=2, username=tyler, password=pass, role=Role [id=2, name=Employee], bikes=null, payments=null, offers=null]
2021-02-16 20:00:15 DEBUG UserPostgres:111 - [Payment [paymentId=3, totalCost=102.25, amountPaid=52.25, bike=Bike [bikeId=3, model=Mountain, brand=Schwinn, color=white, status=Status [id=2, name=Owned], offers=null]]]
2021-02-16 20:00:15 DEBUG UserPostgres:120 - [Bike [bikeId=3, model=Mountain, brand=Schwinn, color=white, status=Status [id=2, name=Owned], offers=null]]
2021-02-16 20:00:15 DEBUG UserPostgres:145 - [Offer [offerId=8, bid=150.75], Offer [offerId=2, bid=105.4], Offer [offerId=11, bid=12.0], Offer [offerId=10, bid=1.0]]
2021-02-16 20:00:15 DEBUG BikeShopController:158 - User logged in successfully.
2021-02-16 20:00:15 DEBUG BikeShopController:159 - User [userId=2, username=tyler, password=pass, role=Role [id=2, name=Employee], bikes=[Bike [bikeId=3, model=Mountain, brand=Schwinn, color=white, status=Status [id=2, name=Owned], offers=null]], payments=[Payment [paymentId=3, totalCost=102.25, amountPaid=52.25, bike=Bike [bikeId=3, model=Mountain, brand=Schwinn, color=white, status=Status [id=2, name=Owned], offers=null]]], offers=[Offer [offerId=8, bid=150.75], Offer [offerId=2, bid=105.4], Offer [offerId=11, bid=12.0], Offer [offerId=10, bid=1.0]]]
2021-02-16 20:11:01 INFO  BikeShopController:49 - User is logging in.
2021-02-16 20:11:04 DEBUG UserPostgres:70 - User [userId=2, username=tyler, password=pass, role=Role [id=2, name=Employee], bikes=null, payments=null, offers=null]
2021-02-16 20:11:04 DEBUG UserPostgres:111 - [Payment [paymentId=3, totalCost=102.25, amountPaid=52.25, bike=Bike [bikeId=3, model=Mountain, brand=Schwinn, color=white, status=Status [id=2, name=Owned], offers=null]]]
2021-02-16 20:11:04 DEBUG UserPostgres:120 - [Bike [bikeId=3, model=Mountain, brand=Schwinn, color=white, status=Status [id=2, name=Owned], offers=null]]
2021-02-16 20:11:04 DEBUG UserPostgres:145 - [Offer [offerId=8, bid=150.75], Offer [offerId=2, bid=105.4], Offer [offerId=11, bid=12.0], Offer [offerId=10, bid=1.0]]
2021-02-16 20:11:04 DEBUG BikeShopController:158 - User logged in successfully.
2021-02-16 20:11:04 DEBUG BikeShopController:159 - User [userId=2, username=tyler, password=pass, role=Role [id=2, name=Employee], bikes=[Bike [bikeId=3, model=Mountain, brand=Schwinn, color=white, status=Status [id=2, name=Owned], offers=null]], payments=[Payment [paymentId=3, totalCost=102.25, amountPaid=52.25, bike=Bike [bikeId=3, model=Mountain, brand=Schwinn, color=white, status=Status [id=2, name=Owned], offers=null]]], offers=[Offer [offerId=8, bid=150.75], Offer [offerId=2, bid=105.4], Offer [offerId=11, bid=12.0], Offer [offerId=10, bid=1.0]]]
2021-02-16 20:21:37 INFO  BikeShopController:49 - User is logging in.
2021-02-16 20:21:39 DEBUG UserPostgres:70 - User [userId=2, username=tyler, password=pass, role=Role [id=2, name=Employee], bikes=null, payments=null, offers=null]
2021-02-16 20:21:39 DEBUG UserPostgres:111 - []
2021-02-16 20:21:39 DEBUG UserPostgres:120 - []
2021-02-16 20:21:39 DEBUG UserPostgres:145 - [Offer [offerId=8, bid=150.75], Offer [offerId=2, bid=105.4], Offer [offerId=11, bid=12.0], Offer [offerId=10, bid=1.0]]
2021-02-16 20:21:39 DEBUG BikeShopController:158 - User logged in successfully.
2021-02-16 20:21:39 DEBUG BikeShopController:159 - User [userId=2, username=tyler, password=pass, role=Role [id=2, name=Employee], bikes=[], payments=[], offers=[Offer [offerId=8, bid=150.75], Offer [offerId=2, bid=105.4], Offer [offerId=11, bid=12.0], Offer [offerId=10, bid=1.0]]]
2021-02-16 20:22:29 INFO  BikeShopController:49 - User is logging in.
2021-02-16 20:22:31 DEBUG UserPostgres:70 - User [userId=2, username=tyler, password=pass, role=Role [id=2, name=Employee], bikes=null, payments=null, offers=null]
2021-02-16 20:22:31 DEBUG UserPostgres:111 - []
2021-02-16 20:22:31 DEBUG UserPostgres:120 - []
2021-02-16 20:22:31 DEBUG UserPostgres:145 - [Offer [offerId=8, bid=150.75], Offer [offerId=2, bid=105.4], Offer [offerId=11, bid=12.0], Offer [offerId=10, bid=1.0]]
2021-02-16 20:22:31 DEBUG BikeShopController:158 - User logged in successfully.
2021-02-16 20:22:31 DEBUG BikeShopController:159 - User [userId=2, username=tyler, password=pass, role=Role [id=2, name=Employee], bikes=[], payments=[], offers=[Offer [offerId=8, bid=150.75], Offer [offerId=2, bid=105.4], Offer [offerId=11, bid=12.0], Offer [offerId=10, bid=1.0]]]
2021-02-16 20:24:59 INFO  BikeShopController:49 - User is logging in.
2021-02-16 20:25:03 DEBUG UserPostgres:70 - User [userId=2, username=tyler, password=pass, role=Role [id=2, name=Employee], bikes=null, payments=null, offers=null]
2021-02-16 20:25:03 DEBUG UserPostgres:111 - []
2021-02-16 20:25:03 DEBUG UserPostgres:120 - []
2021-02-16 20:25:03 DEBUG UserPostgres:145 - [Offer [offerId=8, bid=150.75], Offer [offerId=2, bid=105.4], Offer [offerId=11, bid=12.0], Offer [offerId=10, bid=1.0]]
2021-02-16 20:25:03 DEBUG BikeShopController:158 - User logged in successfully.
2021-02-16 20:25:03 DEBUG BikeShopController:159 - User [userId=2, username=tyler, password=pass, role=Role [id=2, name=Employee], bikes=[], payments=[], offers=[Offer [offerId=8, bid=150.75], Offer [offerId=2, bid=105.4], Offer [offerId=11, bid=12.0], Offer [offerId=10, bid=1.0]]]
2021-02-16 20:26:21 DEBUG BikeServiceImpl:59 - We can't change a bike that is already owned
2021-02-16 20:28:45 INFO  BikeShopController:49 - User is logging in.
2021-02-16 20:28:49 DEBUG UserPostgres:70 - User [userId=2, username=tyler, password=pass, role=Role [id=2, name=Employee], bikes=null, payments=null, offers=null]
2021-02-16 20:28:49 DEBUG UserPostgres:111 - []
2021-02-16 20:28:49 DEBUG UserPostgres:120 - []
2021-02-16 20:28:49 DEBUG UserPostgres:145 - [Offer [offerId=8, bid=150.75], Offer [offerId=2, bid=105.4], Offer [offerId=11, bid=12.0], Offer [offerId=10, bid=1.0]]
2021-02-16 20:28:49 DEBUG BikeShopController:158 - User logged in successfully.
2021-02-16 20:28:49 DEBUG BikeShopController:159 - User [userId=2, username=tyler, password=pass, role=Role [id=2, name=Employee], bikes=[], payments=[], offers=[Offer [offerId=8, bid=150.75], Offer [offerId=2, bid=105.4], Offer [offerId=11, bid=12.0], Offer [offerId=10, bid=1.0]]]
2021-02-16 20:31:24 INFO  BikeShopController:49 - User is logging in.
2021-02-16 20:31:26 DEBUG UserPostgres:70 - User [userId=2, username=tyler, password=pass, role=Role [id=2, name=Employee], bikes=null, payments=null, offers=null]
2021-02-16 20:31:26 DEBUG UserPostgres:111 - []
2021-02-16 20:31:26 DEBUG UserPostgres:120 - []
2021-02-16 20:31:26 DEBUG UserPostgres:145 - [Offer [offerId=8, bid=150.75], Offer [offerId=2, bid=105.4], Offer [offerId=11, bid=12.0], Offer [offerId=10, bid=1.0]]
2021-02-16 20:31:26 DEBUG BikeShopController:158 - User logged in successfully.
2021-02-16 20:31:26 DEBUG BikeShopController:159 - User [userId=2, username=tyler, password=pass, role=Role [id=2, name=Employee], bikes=[], payments=[], offers=[Offer [offerId=8, bid=150.75], Offer [offerId=2, bid=105.4], Offer [offerId=11, bid=12.0], Offer [offerId=10, bid=1.0]]]
2021-02-16 20:34:44 INFO  BikeShopController:49 - User is logging in.
2021-02-16 20:34:47 DEBUG UserPostgres:70 - User [userId=2, username=tyler, password=pass, role=Role [id=2, name=Employee], bikes=null, payments=null, offers=null]
2021-02-16 20:34:47 DEBUG UserPostgres:111 - []
2021-02-16 20:34:47 DEBUG UserPostgres:120 - []
2021-02-16 20:34:47 DEBUG UserPostgres:145 - [Offer [offerId=8, bid=150.75], Offer [offerId=2, bid=105.4], Offer [offerId=11, bid=12.0], Offer [offerId=10, bid=1.0]]
2021-02-16 20:34:47 DEBUG BikeShopController:158 - User logged in successfully.
2021-02-16 20:34:47 DEBUG BikeShopController:159 - User [userId=2, username=tyler, password=pass, role=Role [id=2, name=Employee], bikes=[], payments=[], offers=[Offer [offerId=8, bid=150.75], Offer [offerId=2, bid=105.4], Offer [offerId=11, bid=12.0], Offer [offerId=10, bid=1.0]]]
2021-02-16 20:38:04 INFO  BikeShopController:49 - User is logging in.
2021-02-16 20:38:07 DEBUG UserPostgres:70 - User [userId=2, username=tyler, password=pass, role=Role [id=2, name=Employee], bikes=null, payments=null, offers=null]
2021-02-16 20:38:07 DEBUG UserPostgres:111 - []
2021-02-16 20:38:07 DEBUG UserPostgres:120 - []
2021-02-16 20:38:07 DEBUG UserPostgres:145 - [Offer [offerId=8, bid=150.75], Offer [offerId=2, bid=105.4], Offer [offerId=11, bid=12.0], Offer [offerId=10, bid=1.0]]
2021-02-16 20:38:07 DEBUG BikeShopController:158 - User logged in successfully.
2021-02-16 20:38:07 DEBUG BikeShopController:159 - User [userId=2, username=tyler, password=pass, role=Role [id=2, name=Employee], bikes=[], payments=[], offers=[Offer [offerId=8, bid=150.75], Offer [offerId=2, bid=105.4], Offer [offerId=11, bid=12.0], Offer [offerId=10, bid=1.0]]]
2021-02-16 20:38:58 INFO  BikeShopController:49 - User is logging in.
2021-02-16 20:39:00 DEBUG UserPostgres:70 - User [userId=2, username=tyler, password=pass, role=Role [id=2, name=Employee], bikes=null, payments=null, offers=null]
2021-02-16 20:39:00 DEBUG UserPostgres:111 - []
2021-02-16 20:39:00 DEBUG UserPostgres:120 - []
2021-02-16 20:39:00 DEBUG UserPostgres:145 - [Offer [offerId=8, bid=150.75], Offer [offerId=2, bid=105.4], Offer [offerId=11, bid=12.0], Offer [offerId=10, bid=1.0]]
2021-02-16 20:39:00 DEBUG BikeShopController:158 - User logged in successfully.
2021-02-16 20:39:00 DEBUG BikeShopController:159 - User [userId=2, username=tyler, password=pass, role=Role [id=2, name=Employee], bikes=[], payments=[], offers=[Offer [offerId=8, bid=150.75], Offer [offerId=2, bid=105.4], Offer [offerId=11, bid=12.0], Offer [offerId=10, bid=1.0]]]
2021-02-16 20:39:10 INFO  BikeShopController:49 - User is logging in.
2021-02-16 20:39:12 DEBUG UserPostgres:70 - User [userId=2, username=tyler, password=pass, role=Role [id=2, name=Employee], bikes=null, payments=null, offers=null]
2021-02-16 20:39:12 DEBUG UserPostgres:111 - []
2021-02-16 20:39:12 DEBUG UserPostgres:120 - []
2021-02-16 20:39:12 DEBUG UserPostgres:145 - [Offer [offerId=8, bid=150.75], Offer [offerId=2, bid=105.4], Offer [offerId=11, bid=12.0], Offer [offerId=10, bid=1.0]]
2021-02-16 20:39:12 DEBUG BikeShopController:158 - User logged in successfully.
2021-02-16 20:39:12 DEBUG BikeShopController:159 - User [userId=2, username=tyler, password=pass, role=Role [id=2, name=Employee], bikes=[], payments=[], offers=[Offer [offerId=8, bid=150.75], Offer [offerId=2, bid=105.4], Offer [offerId=11, bid=12.0], Offer [offerId=10, bid=1.0]]]
2021-02-16 20:39:44 INFO  BikeShopController:49 - User is logging in.
2021-02-16 20:39:47 DEBUG UserPostgres:70 - User [userId=2, username=tyler, password=pass, role=Role [id=2, name=Employee], bikes=null, payments=null, offers=null]
2021-02-16 20:39:47 DEBUG UserPostgres:111 - []
2021-02-16 20:39:47 DEBUG UserPostgres:120 - []
2021-02-16 20:39:47 DEBUG UserPostgres:145 - [Offer [offerId=8, bid=150.75], Offer [offerId=2, bid=105.4], Offer [offerId=11, bid=12.0], Offer [offerId=10, bid=1.0]]
2021-02-16 20:39:47 DEBUG BikeShopController:160 - User logged in successfully.
2021-02-16 20:39:47 DEBUG BikeShopController:161 - User [userId=2, username=tyler, password=pass, role=Role [id=2, name=Employee], bikes=[], payments=[], offers=[Offer [offerId=8, bid=150.75], Offer [offerId=2, bid=105.4], Offer [offerId=11, bid=12.0], Offer [offerId=10, bid=1.0]]]
2021-02-16 20:40:18 INFO  BikeShopController:49 - User is logging in.
2021-02-16 20:40:21 DEBUG UserPostgres:70 - User [userId=2, username=tyler, password=pass, role=Role [id=2, name=Employee], bikes=null, payments=null, offers=null]
2021-02-16 20:40:21 DEBUG UserPostgres:111 - []
2021-02-16 20:40:21 DEBUG UserPostgres:120 - []
2021-02-16 20:40:21 DEBUG UserPostgres:145 - [Offer [offerId=8, bid=150.75], Offer [offerId=2, bid=105.4], Offer [offerId=11, bid=12.0], Offer [offerId=10, bid=1.0]]
2021-02-16 20:40:21 DEBUG BikeShopController:160 - User logged in successfully.
2021-02-16 20:40:21 DEBUG BikeShopController:161 - User [userId=2, username=tyler, password=pass, role=Role [id=2, name=Employee], bikes=[], payments=[], offers=[Offer [offerId=8, bid=150.75], Offer [offerId=2, bid=105.4], Offer [offerId=11, bid=12.0], Offer [offerId=10, bid=1.0]]]
2021-02-16 20:42:32 INFO  BikeShopController:49 - User is logging in.
2021-02-16 20:42:34 DEBUG UserPostgres:70 - User [userId=2, username=tyler, password=pass, role=Role [id=2, name=Employee], bikes=null, payments=null, offers=null]
2021-02-16 20:42:34 DEBUG UserPostgres:111 - []
2021-02-16 20:42:34 DEBUG UserPostgres:120 - []
2021-02-16 20:42:34 DEBUG UserPostgres:145 - [Offer [offerId=8, bid=150.75], Offer [offerId=2, bid=105.4], Offer [offerId=11, bid=12.0], Offer [offerId=10, bid=1.0]]
2021-02-16 20:42:34 DEBUG BikeShopController:160 - User logged in successfully.
2021-02-16 20:42:34 DEBUG BikeShopController:161 - User [userId=2, username=tyler, password=pass, role=Role [id=2, name=Employee], bikes=[], payments=[], offers=[Offer [offerId=8, bid=150.75], Offer [offerId=2, bid=105.4], Offer [offerId=11, bid=12.0], Offer [offerId=10, bid=1.0]]]
2021-02-16 20:43:03 INFO  BikeShopController:49 - User is logging in.
2021-02-16 20:43:06 DEBUG UserPostgres:70 - User [userId=2, username=tyler, password=pass, role=Role [id=2, name=Employee], bikes=null, payments=null, offers=null]
2021-02-16 20:43:06 DEBUG UserPostgres:111 - []
2021-02-16 20:43:06 DEBUG UserPostgres:120 - []
2021-02-16 20:43:06 DEBUG UserPostgres:145 - [Offer [offerId=8, bid=150.75], Offer [offerId=2, bid=105.4], Offer [offerId=11, bid=12.0], Offer [offerId=10, bid=1.0]]
2021-02-16 20:43:06 DEBUG BikeShopController:160 - User logged in successfully.
2021-02-16 20:43:06 DEBUG BikeShopController:161 - User [userId=2, username=tyler, password=pass, role=Role [id=2, name=Employee], bikes=[], payments=[], offers=[Offer [offerId=8, bid=150.75], Offer [offerId=2, bid=105.4], Offer [offerId=11, bid=12.0], Offer [offerId=10, bid=1.0]]]
2021-02-16 20:51:40 INFO  BikeShopController:49 - User is logging in.
2021-02-16 20:51:42 DEBUG UserPostgres:70 - User [userId=2, username=tyler, password=pass, role=Role [id=2, name=Employee], bikes=null, payments=null, offers=null]
2021-02-16 20:51:42 DEBUG UserPostgres:111 - []
2021-02-16 20:51:42 DEBUG UserPostgres:120 - []
2021-02-16 20:51:42 DEBUG UserPostgres:145 - [Offer [offerId=8, bid=150.75], Offer [offerId=2, bid=105.4], Offer [offerId=11, bid=12.0], Offer [offerId=10, bid=1.0]]
2021-02-16 20:51:42 DEBUG BikeShopController:160 - User logged in successfully.
2021-02-16 20:51:42 DEBUG BikeShopController:161 - User [userId=2, username=tyler, password=pass, role=Role [id=2, name=Employee], bikes=[], payments=[], offers=[Offer [offerId=8, bid=150.75], Offer [offerId=2, bid=105.4], Offer [offerId=11, bid=12.0], Offer [offerId=10, bid=1.0]]]
2021-02-16 20:57:58 INFO  BikeShopController:49 - User is logging in.
2021-02-16 20:58:01 DEBUG UserPostgres:70 - User [userId=2, username=tyler, password=pass, role=Role [id=2, name=Employee], bikes=null, payments=null, offers=null]
2021-02-16 20:58:01 DEBUG UserPostgres:111 - []
2021-02-16 20:58:01 DEBUG UserPostgres:120 - []
2021-02-16 20:58:01 DEBUG UserPostgres:145 - [Offer [offerId=8, bid=150.75], Offer [offerId=2, bid=105.4], Offer [offerId=11, bid=12.0], Offer [offerId=10, bid=1.0]]
2021-02-16 20:58:01 DEBUG BikeShopController:160 - User logged in successfully.
2021-02-16 20:58:01 DEBUG BikeShopController:161 - User [userId=2, username=tyler, password=pass, role=Role [id=2, name=Employee], bikes=[], payments=[], offers=[Offer [offerId=8, bid=150.75], Offer [offerId=2, bid=105.4], Offer [offerId=11, bid=12.0], Offer [offerId=10, bid=1.0]]]
2021-02-16 20:59:43 INFO  BikeShopController:49 - User is logging in.
2021-02-16 20:59:46 DEBUG UserPostgres:70 - User [userId=2, username=tyler, password=pass, role=Role [id=2, name=Employee], bikes=null, payments=null, offers=null]
2021-02-16 20:59:46 DEBUG UserPostgres:111 - []
2021-02-16 20:59:46 DEBUG UserPostgres:120 - []
2021-02-16 20:59:46 DEBUG UserPostgres:145 - [Offer [offerId=8, bid=150.75], Offer [offerId=2, bid=105.4], Offer [offerId=11, bid=12.0], Offer [offerId=10, bid=1.0]]
2021-02-16 20:59:46 DEBUG BikeShopController:160 - User logged in successfully.
2021-02-16 20:59:46 DEBUG BikeShopController:161 - User [userId=2, username=tyler, password=pass, role=Role [id=2, name=Employee], bikes=[], payments=[], offers=[Offer [offerId=8, bid=150.75], Offer [offerId=2, bid=105.4], Offer [offerId=11, bid=12.0], Offer [offerId=10, bid=1.0]]]
2021-02-16 21:04:11 INFO  BikeShopController:49 - User is logging in.
2021-02-16 21:04:15 DEBUG UserPostgres:70 - User [userId=2, username=tyler, password=pass, role=Role [id=2, name=Employee], bikes=null, payments=null, offers=null]
2021-02-16 21:04:15 DEBUG UserPostgres:111 - []
2021-02-16 21:04:15 DEBUG UserPostgres:120 - []
2021-02-16 21:04:15 DEBUG UserPostgres:145 - [Offer [offerId=8, bid=150.75], Offer [offerId=2, bid=105.4], Offer [offerId=11, bid=12.0], Offer [offerId=10, bid=1.0]]
2021-02-16 21:04:15 DEBUG BikeShopController:160 - User logged in successfully.
2021-02-16 21:04:15 DEBUG BikeShopController:161 - User [userId=2, username=tyler, password=pass, role=Role [id=2, name=Employee], bikes=[], payments=[], offers=[Offer [offerId=8, bid=150.75], Offer [offerId=2, bid=105.4], Offer [offerId=11, bid=12.0], Offer [offerId=10, bid=1.0]]]
2021-02-16 21:07:10 INFO  BikeShopController:49 - User is logging in.
2021-02-16 21:07:14 DEBUG UserPostgres:70 - User [userId=2, username=tyler, password=pass, role=Role [id=2, name=Employee], bikes=null, payments=null, offers=null]
2021-02-16 21:07:14 DEBUG UserPostgres:111 - []
2021-02-16 21:07:14 DEBUG UserPostgres:120 - []
2021-02-16 21:07:14 DEBUG UserPostgres:145 - [Offer [offerId=8, bid=150.75], Offer [offerId=2, bid=105.4], Offer [offerId=11, bid=12.0], Offer [offerId=10, bid=1.0]]
2021-02-16 21:07:14 DEBUG BikeShopController:160 - User logged in successfully.
2021-02-16 21:07:14 DEBUG BikeShopController:161 - User [userId=2, username=tyler, password=pass, role=Role [id=2, name=Employee], bikes=[], payments=[], offers=[Offer [offerId=8, bid=150.75], Offer [offerId=2, bid=105.4], Offer [offerId=11, bid=12.0], Offer [offerId=10, bid=1.0]]]
2021-02-16 21:07:41 INFO  BikeShopController:91 - User logged out.
2021-02-16 21:12:15 INFO  BikeShopController:49 - User is logging in.
2021-02-16 21:12:18 DEBUG UserPostgres:70 - User [userId=2, username=tyler, password=pass, role=Role [id=2, name=Employee], bikes=null, payments=null, offers=null]
2021-02-16 21:12:18 DEBUG UserPostgres:111 - []
2021-02-16 21:12:18 DEBUG UserPostgres:120 - []
2021-02-16 21:12:18 DEBUG UserPostgres:145 - [Offer [offerId=8, bid=150.75], Offer [offerId=2, bid=105.4], Offer [offerId=11, bid=12.0], Offer [offerId=10, bid=1.0]]
2021-02-16 21:12:18 DEBUG BikeShopController:160 - User logged in successfully.
2021-02-16 21:12:18 DEBUG BikeShopController:161 - User [userId=2, username=tyler, password=pass, role=Role [id=2, name=Employee], bikes=[], payments=[], offers=[Offer [offerId=8, bid=150.75], Offer [offerId=2, bid=105.4], Offer [offerId=11, bid=12.0], Offer [offerId=10, bid=1.0]]]
2021-02-16 21:17:16 INFO  BikeShopController:49 - User is logging in.
2021-02-16 21:17:18 DEBUG UserPostgres:70 - User [userId=2, username=tyler, password=pass, role=Role [id=2, name=Employee], bikes=null, payments=null, offers=null]
2021-02-16 21:17:18 DEBUG UserPostgres:111 - []
2021-02-16 21:17:18 DEBUG UserPostgres:120 - []
2021-02-16 21:17:19 DEBUG UserPostgres:145 - []
2021-02-16 21:17:19 DEBUG BikeShopController:160 - User logged in successfully.
2021-02-16 21:17:19 DEBUG BikeShopController:161 - User [userId=2, username=tyler, password=pass, role=Role [id=2, name=Employee], bikes=[], payments=[], offers=[]]
2021-02-17 01:32:27 INFO  BikeShopController:45 - User is registering an account.
2021-02-17 01:32:39 DEBUG BikeShopController:126 - Submitting new user to the database...
2021-02-17 01:36:31 INFO  BikeShopController:45 - User is registering an account.
2021-02-17 01:36:37 DEBUG BikeShopController:126 - Submitting new user to the database...
2021-02-17 01:38:05 INFO  BikeShopController:45 - User is registering an account.
2021-02-17 01:38:10 DEBUG BikeShopController:126 - Submitting new user to the database...
2021-02-17 01:42:24 INFO  BikeShopController:45 - User is registering an account.
2021-02-17 01:42:31 DEBUG BikeShopController:126 - Submitting new user to the database...
2021-02-17 01:45:59 INFO  BikeShopController:45 - User is registering an account.
2021-02-17 01:46:06 DEBUG BikeShopController:126 - Submitting new user to the database...
2021-02-17 01:46:20 DEBUG UserPostgres:39 - 
2021-02-17 01:46:28 DEBUG UserPostgres:41 - 
2021-02-17 01:47:54 INFO  BikeShopController:45 - User is registering an account.
2021-02-17 01:47:59 DEBUG BikeShopController:126 - Submitting new user to the database...
2021-02-17 01:48:07 DEBUG UserPostgres:39 - User [userId=null, username=null, password=null, role=null, bikes=null, payments=null, offers=null]
2021-02-17 01:49:46 INFO  BikeShopController:45 - User is registering an account.
2021-02-17 01:50:45 DEBUG BikeShopController:126 - Submitting new user to the database...
2021-02-17 01:52:52 INFO  BikeShopController:45 - User is registering an account.
2021-02-17 01:52:55 DEBUG BikeShopController:126 - Submitting new user to the database...
2021-02-17 01:53:06 DEBUG UserPostgres:38 - User [userId=null, username=haley, password=pass, role=Role [id=3, name=Customer], bikes=null, payments=null, offers=null]
2021-02-17 01:53:09 DEBUG UserPostgres:39 - haley
2021-02-17 01:53:11 DEBUG UserPostgres:41 - pass
2021-02-17 01:53:13 DEBUG UserPostgres:43 - 3
2021-02-17 01:53:28 DEBUG BikeShopController:129 - User [userId=null, username=haley, password=pass, role=Role [id=3, name=Customer], bikes=null, payments=null, offers=null]
2021-02-17 01:59:00 INFO  BikeShopController:45 - User is registering an account.
2021-02-17 01:59:07 DEBUG BikeShopController:126 - Submitting new user to the database...
2021-02-17 01:59:30 DEBUG BikeShopController:129 - User [userId=9, username=nathan, password=pass, role=Role [id=3, name=Customer], bikes=null, payments=null, offers=null]
2021-02-17 02:00:11 INFO  BikeShopController:49 - User is logging in.
2021-02-17 02:00:13 DEBUG UserPostgres:104 - User [userId=2, username=tyler, password=pass, role=Role [id=2, name=Employee], bikes=null, payments=null, offers=null]
2021-02-17 02:00:13 DEBUG UserPostgres:145 - []
2021-02-17 02:00:13 DEBUG UserPostgres:154 - []
2021-02-17 02:00:13 DEBUG UserPostgres:179 - []
2021-02-17 02:00:13 DEBUG BikeShopController:160 - User logged in successfully.
2021-02-17 02:00:13 DEBUG BikeShopController:161 - User [userId=2, username=tyler, password=pass, role=Role [id=2, name=Employee], bikes=[], payments=[], offers=[]]
2021-02-17 02:01:46 INFO  BikeShopController:49 - User is logging in.
2021-02-17 02:01:48 DEBUG UserPostgres:104 - User [userId=2, username=tyler, password=pass, role=Role [id=2, name=Employee], bikes=null, payments=null, offers=null]
2021-02-17 02:01:48 DEBUG UserPostgres:145 - []
2021-02-17 02:01:48 DEBUG UserPostgres:154 - []
2021-02-17 02:01:48 DEBUG UserPostgres:179 - []
2021-02-17 02:01:48 DEBUG BikeShopController:160 - User logged in successfully.
2021-02-17 02:01:48 DEBUG BikeShopController:161 - User [userId=2, username=tyler, password=pass, role=Role [id=2, name=Employee], bikes=[], payments=[], offers=[]]
2021-02-17 02:02:43 INFO  BikeShopController:49 - User is logging in.
2021-02-17 02:02:45 DEBUG UserPostgres:104 - User [userId=2, username=tyler, password=pass, role=Role [id=2, name=Employee], bikes=null, payments=null, offers=null]
2021-02-17 02:02:45 DEBUG UserPostgres:145 - []
2021-02-17 02:02:45 DEBUG UserPostgres:154 - []
2021-02-17 02:02:45 DEBUG UserPostgres:179 - []
2021-02-17 02:02:45 DEBUG BikeShopController:160 - User logged in successfully.
2021-02-17 02:02:45 DEBUG BikeShopController:161 - User [userId=2, username=tyler, password=pass, role=Role [id=2, name=Employee], bikes=[], payments=[], offers=[]]
2021-02-17 02:03:57 INFO  BikeShopController:49 - User is logging in.
2021-02-17 02:04:00 DEBUG UserPostgres:104 - User [userId=2, username=tyler, password=pass, role=Role [id=2, name=Employee], bikes=null, payments=null, offers=null]
2021-02-17 02:04:00 DEBUG UserPostgres:145 - []
2021-02-17 02:04:00 DEBUG UserPostgres:154 - []
2021-02-17 02:04:00 DEBUG UserPostgres:179 - []
2021-02-17 02:04:00 DEBUG BikeShopController:160 - User logged in successfully.
2021-02-17 02:04:00 DEBUG BikeShopController:161 - User [userId=2, username=tyler, password=pass, role=Role [id=2, name=Employee], bikes=[], payments=[], offers=[]]
2021-02-17 02:05:03 INFO  BikeShopController:49 - User is logging in.
2021-02-17 02:05:06 DEBUG UserPostgres:104 - User [userId=2, username=tyler, password=pass, role=Role [id=2, name=Employee], bikes=null, payments=null, offers=null]
2021-02-17 02:05:06 DEBUG UserPostgres:145 - []
2021-02-17 02:05:06 DEBUG UserPostgres:154 - []
2021-02-17 02:05:06 DEBUG UserPostgres:179 - []
2021-02-17 02:05:06 DEBUG BikeShopController:160 - User logged in successfully.
2021-02-17 02:05:06 DEBUG BikeShopController:161 - User [userId=2, username=tyler, password=pass, role=Role [id=2, name=Employee], bikes=[], payments=[], offers=[]]
2021-02-17 02:07:44 INFO  BikeShopController:49 - User is logging in.
2021-02-17 02:07:48 DEBUG UserPostgres:104 - User [userId=2, username=tyler, password=pass, role=Role [id=2, name=Employee], bikes=null, payments=null, offers=null]
2021-02-17 02:07:48 DEBUG UserPostgres:145 - []
2021-02-17 02:07:48 DEBUG UserPostgres:154 - []
2021-02-17 02:07:48 DEBUG UserPostgres:179 - []
2021-02-17 02:07:49 DEBUG BikeShopController:160 - User logged in successfully.
2021-02-17 02:07:49 DEBUG BikeShopController:161 - User [userId=2, username=tyler, password=pass, role=Role [id=2, name=Employee], bikes=[], payments=[], offers=[]]
2021-02-17 02:09:54 INFO  BikeShopController:49 - User is logging in.
2021-02-17 02:09:56 DEBUG UserPostgres:104 - User [userId=2, username=tyler, password=pass, role=Role [id=2, name=Employee], bikes=null, payments=null, offers=null]
2021-02-17 02:09:56 DEBUG UserPostgres:145 - []
2021-02-17 02:09:56 DEBUG UserPostgres:154 - []
2021-02-17 02:09:56 DEBUG UserPostgres:179 - []
2021-02-17 02:09:56 DEBUG BikeShopController:160 - User logged in successfully.
2021-02-17 02:09:56 DEBUG BikeShopController:161 - User [userId=2, username=tyler, password=pass, role=Role [id=2, name=Employee], bikes=[], payments=[], offers=[]]
2021-02-17 02:16:13 INFO  BikeShopController:49 - User is logging in.
2021-02-17 02:16:16 DEBUG UserPostgres:104 - User [userId=2, username=tyler, password=pass, role=Role [id=2, name=Employee], bikes=null, payments=null, offers=null]
2021-02-17 02:16:16 DEBUG UserPostgres:145 - []
2021-02-17 02:16:16 DEBUG UserPostgres:154 - []
2021-02-17 02:16:16 DEBUG UserPostgres:179 - []
2021-02-17 02:16:16 DEBUG BikeShopController:160 - User logged in successfully.
2021-02-17 02:16:16 DEBUG BikeShopController:161 - User [userId=2, username=tyler, password=pass, role=Role [id=2, name=Employee], bikes=[], payments=[], offers=[]]
2021-02-17 02:17:08 INFO  BikeShopController:49 - User is logging in.
2021-02-17 02:17:10 DEBUG UserPostgres:104 - User [userId=2, username=tyler, password=pass, role=Role [id=2, name=Employee], bikes=null, payments=null, offers=null]
2021-02-17 02:17:10 DEBUG UserPostgres:145 - []
2021-02-17 02:17:10 DEBUG UserPostgres:154 - []
2021-02-17 02:17:10 DEBUG UserPostgres:179 - []
2021-02-17 02:17:10 DEBUG BikeShopController:160 - User logged in successfully.
2021-02-17 02:17:10 DEBUG BikeShopController:161 - User [userId=2, username=tyler, password=pass, role=Role [id=2, name=Employee], bikes=[], payments=[], offers=[]]
2021-02-17 02:21:56 INFO  BikeShopController:49 - User is logging in.
2021-02-17 02:21:58 DEBUG UserPostgres:104 - User [userId=2, username=tyler, password=pass, role=Role [id=2, name=Employee], bikes=null, payments=null, offers=null]
2021-02-17 02:21:58 DEBUG UserPostgres:145 - []
2021-02-17 02:21:58 DEBUG UserPostgres:154 - []
2021-02-17 02:21:58 DEBUG UserPostgres:179 - []
2021-02-17 02:21:58 DEBUG BikeShopController:160 - User logged in successfully.
2021-02-17 02:21:58 DEBUG BikeShopController:161 - User [userId=2, username=tyler, password=pass, role=Role [id=2, name=Employee], bikes=[], payments=[], offers=[]]
2021-02-17 02:33:37 DEBUG BikeShopController:511 - 6
2021-02-17 02:35:14 INFO  BikeShopController:49 - User is logging in.
2021-02-17 02:35:17 DEBUG UserPostgres:104 - User [userId=2, username=tyler, password=pass, role=Role [id=2, name=Employee], bikes=null, payments=null, offers=null]
2021-02-17 02:35:17 DEBUG UserPostgres:145 - [Payment [paymentId=11, totalCost=200.75, amountPaid=0.0, bike=Bike [bikeId=5, model=Mountain, brand=Schwinn, color=black, status=Status [id=2, name=Owned], offers=null]]]
2021-02-17 02:35:17 DEBUG UserPostgres:154 - [Bike [bikeId=5, model=Mountain, brand=Schwinn, color=black, status=Status [id=2, name=Owned], offers=null]]
2021-02-17 02:35:17 DEBUG UserPostgres:179 - []
2021-02-17 02:35:17 DEBUG BikeShopController:160 - User logged in successfully.
2021-02-17 02:35:17 DEBUG BikeShopController:161 - User [userId=2, username=tyler, password=pass, role=Role [id=2, name=Employee], bikes=[Bike [bikeId=5, model=Mountain, brand=Schwinn, color=black, status=Status [id=2, name=Owned], offers=null]], payments=[Payment [paymentId=11, totalCost=200.75, amountPaid=0.0, bike=Bike [bikeId=5, model=Mountain, brand=Schwinn, color=black, status=Status [id=2, name=Owned], offers=null]]], offers=[]]
2021-02-17 02:35:53 DEBUG PaymentPostgres:184 - update payments set paid = 50.0 where payments.id = 11 
2021-02-17 02:36:16 DEBUG PaymentPostgres:184 - update payments set paid = 50.0 where payments.id = 11 
2021-02-17 02:37:36 DEBUG PaymentPostgres:184 - update payments set paid = 50.0 where payments.id = 11 
2021-02-17 02:39:43 DEBUG PaymentPostgres:184 - update payments set paid = 60.0 where payments.id = 11 
2021-02-17 02:40:18 INFO  BikeShopController:49 - User is logging in.
2021-02-17 02:40:21 DEBUG UserPostgres:104 - User [userId=2, username=tyler, password=pass, role=Role [id=2, name=Employee], bikes=null, payments=null, offers=null]
2021-02-17 02:40:21 DEBUG UserPostgres:145 - [Payment [paymentId=11, totalCost=200.75, amountPaid=0.0, bike=Bike [bikeId=5, model=Mountain, brand=Schwinn, color=black, status=Status [id=2, name=Owned], offers=null]]]
2021-02-17 02:40:21 DEBUG UserPostgres:154 - [Bike [bikeId=5, model=Mountain, brand=Schwinn, color=black, status=Status [id=2, name=Owned], offers=null]]
2021-02-17 02:40:21 DEBUG UserPostgres:179 - []
2021-02-17 02:40:21 DEBUG BikeShopController:160 - User logged in successfully.
2021-02-17 02:40:21 DEBUG BikeShopController:161 - User [userId=2, username=tyler, password=pass, role=Role [id=2, name=Employee], bikes=[Bike [bikeId=5, model=Mountain, brand=Schwinn, color=black, status=Status [id=2, name=Owned], offers=null]], payments=[Payment [paymentId=11, totalCost=200.75, amountPaid=0.0, bike=Bike [bikeId=5, model=Mountain, brand=Schwinn, color=black, status=Status [id=2, name=Owned], offers=null]]], offers=[]]
2021-02-17 02:40:40 DEBUG PaymentPostgres:184 - update payments set paid = 75.75 where payments.id = 11 
2021-02-17 08:25:47 DEBUG PaymentServiceTest:61 - Payment [paymentId=1, totalCost=240.1, amountPaid=120.0, bike=Bike [bikeId=2, model=BMX, brand=Mongoose, color=black, status=Status [id=2, name=Owned], offers=null]]
2021-02-17 08:25:47 DEBUG PaymentServiceTest:62 - Payment [paymentId=1, totalCost=240.1, amountPaid=120.0, bike=Bike [bikeId=2, model=BMX, brand=Mongoose, color=black, status=Status [id=2, name=Owned], offers=null]]
2021-02-17 08:38:29 DEBUG OfferPostgres:64 - User [userId=3, username=ashley, password=pass, role=Role [id=3, name=customer], bikes=null, payments=null, offers=[Offer [offerId=3, bid=152.5]]]
2021-02-17 08:40:31 INFO  BikeShopController:49 - User is logging in.
2021-02-17 08:40:35 DEBUG BikeShopController:160 - User logged in successfully.
2021-02-17 08:40:35 DEBUG BikeShopController:161 - User [userId=1, username=crystal, password=pass, role=Role [id=1, name=manager], bikes=[Bike [bikeId=1, model=Edge, brand=Nischi, color=grey, status=Status [id=2, name=Owned], offers=null], Bike [bikeId=2, model=BMX, brand=Mongoose, color=black, status=Status [id=2, name=Owned], offers=null]], payments=[Payment [paymentId=1, totalCost=240.1, amountPaid=120.0, bike=Bike [bikeId=2, model=BMX, brand=Mongoose, color=black, status=Status [id=2, name=Owned], offers=null]], Payment [paymentId=2, totalCost=305.75, amountPaid=200.0, bike=Bike [bikeId=1, model=Edge, brand=Nischi, color=grey, status=Status [id=2, name=Owned], offers=null]]], offers=[Offer [offerId=1, bid=120.11], Offer [offerId=4, bid=73.74]]]
2021-02-17 08:41:55 INFO  BikeShopController:49 - User is logging in.
2021-02-17 08:44:42 INFO  BikeShopController:45 - User is registering an account.
2021-02-17 08:44:53 DEBUG BikeShopController:126 - Submitting new user to the database...
2021-02-17 08:44:53 WARN  BikeShopController:134 - User tried to register with a non-unique username.
2021-02-17 08:59:20 DEBUG UserPostgres:104 - User [userId=3, username=ashley, password=pass, role=Role [id=3, name=Customer], bikes=null, payments=null, offers=null]
2021-02-17 08:59:37 DEBUG UserPostgres:145 - [Payment [paymentId=3, totalCost=102.25, amountPaid=52.25, bike=Bike [bikeId=3, model=Mountain, brand=Schwinn, color=white, status=Status [id=2, name=Owned], offers=null]], Payment [paymentId=10, totalCost=200.48, amountPaid=0.0, bike=Bike [bikeId=4, model=BMX, brand=Nischi, color=purple, status=Status [id=2, name=Owned], offers=null]]]
2021-02-17 08:59:37 DEBUG UserPostgres:154 - [Bike [bikeId=3, model=Mountain, brand=Schwinn, color=white, status=Status [id=2, name=Owned], offers=null], Bike [bikeId=4, model=BMX, brand=Nischi, color=purple, status=Status [id=2, name=Owned], offers=null]]
2021-02-17 08:59:37 DEBUG UserPostgres:179 - []
2021-02-17 09:01:39 DEBUG UserPostgres:104 - User [userId=3, username=ashley, password=pass, role=Role [id=3, name=Customer], bikes=null, payments=null, offers=null]
2021-02-17 09:01:39 DEBUG UserPostgres:145 - [Payment [paymentId=3, totalCost=102.25, amountPaid=52.25, bike=Bike [bikeId=3, model=Mountain, brand=Schwinn, color=white, status=Status [id=2, name=Owned], offers=null]], Payment [paymentId=10, totalCost=200.48, amountPaid=0.0, bike=Bike [bikeId=4, model=BMX, brand=Nischi, color=purple, status=Status [id=2, name=Owned], offers=null]]]
2021-02-17 09:01:39 DEBUG UserPostgres:154 - [Bike [bikeId=3, model=Mountain, brand=Schwinn, color=white, status=Status [id=2, name=Owned], offers=null], Bike [bikeId=4, model=BMX, brand=Nischi, color=purple, status=Status [id=2, name=Owned], offers=null]]
2021-02-17 09:01:39 DEBUG UserPostgres:179 - []
2021-02-17 09:04:10 DEBUG UserPostgres:104 - User [userId=3, username=ashley, password=pass, role=Role [id=3, name=Customer], bikes=null, payments=null, offers=null]
2021-02-17 09:04:10 DEBUG UserPostgres:145 - [Payment [paymentId=3, totalCost=102.25, amountPaid=52.25, bike=Bike [bikeId=3, model=Mountain, brand=Schwinn, color=white, status=Status [id=2, name=Owned], offers=null]], Payment [paymentId=10, totalCost=200.48, amountPaid=0.0, bike=Bike [bikeId=4, model=BMX, brand=Nischi, color=purple, status=Status [id=2, name=Owned], offers=null]]]
2021-02-17 09:04:10 DEBUG UserPostgres:154 - [Bike [bikeId=3, model=Mountain, brand=Schwinn, color=white, status=Status [id=2, name=Owned], offers=null], Bike [bikeId=4, model=BMX, brand=Nischi, color=purple, status=Status [id=2, name=Owned], offers=null]]
2021-02-17 09:04:10 DEBUG UserPostgres:179 - []
2021-02-17 10:32:59 DEBUG OfferPostgres:64 - User [userId=3, username=ashley, password=pass, role=Role [id=3, name=customer], bikes=null, payments=null, offers=[Offer [offerId=3, bid=152.5]]]
2021-02-17 10:33:10 DEBUG PaymentServiceTest:61 - Payment [paymentId=1, totalCost=240.1, amountPaid=120.0, bike=Bike [bikeId=2, model=BMX, brand=Mongoose, color=black, status=Status [id=2, name=Owned], offers=null]]
2021-02-17 10:33:10 DEBUG PaymentServiceTest:62 - Payment [paymentId=1, totalCost=240.1, amountPaid=120.0, bike=Bike [bikeId=2, model=BMX, brand=Mongoose, color=black, status=Status [id=2, name=Owned], offers=null]]
2021-02-17 10:33:20 DEBUG UserServiceTest:97 - User [userId=1, username=crystal, password=pass, role=Role [id=1, name=manager], bikes=[Bike [bikeId=1, model=Edge, brand=Nischi, color=grey, status=Status [id=2, name=Owned], offers=null], Bike [bikeId=2, model=BMX, brand=Mongoose, color=black, status=Status [id=2, name=Owned], offers=null]], payments=[Payment [paymentId=1, totalCost=240.1, amountPaid=120.0, bike=Bike [bikeId=2, model=BMX, brand=Mongoose, color=black, status=Status [id=2, name=Owned], offers=null]], Payment [paymentId=2, totalCost=305.75, amountPaid=200.0, bike=Bike [bikeId=1, model=Edge, brand=Nischi, color=grey, status=Status [id=2, name=Owned], offers=null]]], offers=[Offer [offerId=1, bid=120.11], Offer [offerId=4, bid=73.74]]]
2021-02-17 10:33:20 DEBUG UserServiceTest:100 - User [userId=1, username=crystal, password=pass, role=Role [id=1, name=manager], bikes=[Bike [bikeId=1, model=Edge, brand=Nischi, color=grey, status=Status [id=2, name=Owned], offers=null], Bike [bikeId=2, model=BMX, brand=Mongoose, color=black, status=Status [id=2, name=Owned], offers=null]], payments=[Payment [paymentId=1, totalCost=240.1, amountPaid=120.0, bike=Bike [bikeId=2, model=BMX, brand=Mongoose, color=black, status=Status [id=2, name=Owned], offers=null]], Payment [paymentId=2, totalCost=305.75, amountPaid=200.0, bike=Bike [bikeId=1, model=Edge, brand=Nischi, color=grey, status=Status [id=2, name=Owned], offers=null]]], offers=[Offer [offerId=1, bid=120.11], Offer [offerId=4, bid=73.74]]]
2021-02-17 10:52:41 DEBUG OfferPostgres:64 - User [userId=3, username=ashley, password=pass, role=Role [id=3, name=customer], bikes=null, payments=null, offers=[Offer [offerId=3, bid=152.5]]]
